Log file open, 02/27/19 22:57:29
LogWindows: Failed to load 'aqProf.dll' (GetLastError=126)
LogWindows: File 'aqProf.dll' does not exist
LogWindows: Failed to load 'VtuneApi.dll' (GetLastError=126)
LogWindows: File 'VtuneApi.dll' does not exist
LogWindows: Failed to load 'VtuneApi32e.dll' (GetLastError=126)
LogWindows: File 'VtuneApi32e.dll' does not exist
LogConsoleResponse: Display: Failed to find resolution value strings in scalability ini. Falling back to default.
LogInit: Display: Running engine for game: runggame2
LogPakFile: Registered encryption key '00000000000000000000000000000000': 0 pak files mounted, 0 remain pending
LogPlatformFile: Not using cached read wrapper
LogTaskGraph: Started task graph with 5 named threads and 11 total threads with 3 sets of task threads.
LogStats: Stats thread started at 0.995281
LogD3D11RHI: Loaded GFSDK_Aftermath_Lib.x64.dll
LogICUInternationalization: ICU TimeZone Detection - Raw Offset: +2:00, Platform Override: ''
LogPluginManager: Mounting plugin Paper2D
LogPluginManager: Mounting plugin AISupport
LogPluginManager: Mounting plugin LightPropagationVolume
LogPluginManager: Mounting plugin ActorLayerUtilities
LogPluginManager: Mounting plugin CLionSourceCodeAccess
LogPluginManager: Mounting plugin CodeLiteSourceCodeAccess
LogPluginManager: Mounting plugin GitSourceControl
LogPluginManager: Mounting plugin KDevelopSourceCodeAccess
LogPluginManager: Mounting plugin NullSourceCodeAccess
LogPluginManager: Mounting plugin PerforceSourceControl
LogPluginManager: Mounting plugin SubversionSourceControl
LogPluginManager: Mounting plugin UObjectPlugin
LogPluginManager: Mounting plugin VisualStudioCodeSourceCodeAccess
LogPluginManager: Mounting plugin VisualStudioSourceCodeAccess
LogPluginManager: Mounting plugin XCodeSourceCodeAccess
LogPluginManager: Mounting plugin AssetManagerEditor
LogPluginManager: Mounting plugin CryptoKeys
LogPluginManager: Mounting plugin DataValidation
LogPluginManager: Mounting plugin FacialAnimation
LogPluginManager: Mounting plugin GameplayTagsEditor
LogPluginManager: Mounting plugin MacGraphicsSwitching
LogPluginManager: Mounting plugin MeshEditor
LogPluginManager: Mounting plugin MobileLauncherProfileWizard
LogPluginManager: Mounting plugin PluginBrowser
LogPluginManager: Mounting plugin SpeedTreeImporter
LogPluginManager: Mounting plugin DatasmithContent
LogPluginManager: Mounting plugin VariantManagerContent
LogPluginManager: Mounting plugin AlembicImporter
LogPluginManager: Mounting plugin AppleImageUtils
LogPluginManager: Mounting plugin AppleVision
LogPluginManager: Mounting plugin BackChannel
LogPluginManager: Mounting plugin CharacterAI
LogPluginManager: Mounting plugin GeometryCache
LogPluginManager: Mounting plugin HTML5Networking
LogPluginManager: Mounting plugin ProxyLODPlugin
LogPluginManager: Mounting plugin MagicLeap
LogPluginManager: Mounting plugin MagicLeapMedia
LogPluginManager: Mounting plugin AndroidMedia
LogPluginManager: Mounting plugin AvfMedia
LogPluginManager: Mounting plugin ImgMedia
LogPluginManager: Mounting plugin LinearTimecode
LogPluginManager: Mounting plugin MediaCompositing
LogPluginManager: Mounting plugin MediaPlayerEditor
LogPluginManager: Mounting plugin WebMMedia
LogPluginManager: Mounting plugin WmfMedia
LogPluginManager: Mounting plugin TcpMessaging
LogPluginManager: Mounting plugin UdpMessaging
LogPluginManager: Mounting plugin ActorSequence
LogPluginManager: Mounting plugin LevelSequenceEditor
LogPluginManager: Mounting plugin MatineeToLevelSequence
LogPluginManager: Mounting plugin NetcodeUnitTest
LogPluginManager: Mounting plugin NUTUnrealEngine4
LogPluginManager: Mounting plugin OnlineSubsystemGooglePlay
LogPluginManager: Mounting plugin OnlineSubsystemIOS
LogPluginManager: Mounting plugin OnlineSubsystem
LogPluginManager: Mounting plugin OnlineSubsystemNull
LogPluginManager: Mounting plugin OnlineSubsystemUtils
LogPluginManager: Mounting plugin LauncherChunkInstaller
LogPluginManager: Mounting plugin AndroidDeviceProfileSelector
LogPluginManager: Mounting plugin AndroidMoviePlayer
LogPluginManager: Mounting plugin AndroidPermission
LogPluginManager: Mounting plugin AppleMoviePlayer
LogPluginManager: Mounting plugin ArchVisCharacter
LogPluginManager: Mounting plugin AudioCapture
LogPluginManager: Mounting plugin CableComponent
LogPluginManager: Mounting plugin CustomMeshComponent
LogPluginManager: Mounting plugin EditableMesh
LogPluginManager: Mounting plugin ExampleDeviceProfileSelector
LogPluginManager: Mounting plugin Firebase
LogPluginManager: Mounting plugin GoogleCloudMessaging
LogPluginManager: Mounting plugin IOSDeviceProfileSelector
LogPluginManager: Mounting plugin LinuxDeviceProfileSelector
LogPluginManager: Mounting plugin LocationServicesBPLibrary
LogPluginManager: Mounting plugin MobilePatchingUtils
LogPluginManager: Mounting plugin OculusVR
LogPluginManager: Mounting plugin PhysXVehicles
LogPluginManager: Mounting plugin ProceduralMeshComponent
LogPluginManager: Mounting plugin RuntimePhysXCooking
LogPluginManager: Mounting plugin SteamVR
LogPluginManager: Mounting plugin WebMMoviePlayer
LogPluginManager: Mounting plugin WindowsMoviePlayer
LogStreaming: Display: Took  0.538s to configure plugins.
LogInit: Using libcurl 7.55.1-DEV
LogInit:  - built for x86_64-pc-win32
LogInit:  - supports SSL with OpenSSL/1.0.2h
LogInit:  - supports HTTP deflate (compression) using libz 1.2.8
LogInit:  - other features:
LogInit:      CURL_VERSION_SSL
LogInit:      CURL_VERSION_LIBZ
LogInit:      CURL_VERSION_IPV6
LogInit:      CURL_VERSION_ASYNCHDNS
LogInit:      CURL_VERSION_LARGEFILE
LogInit:      CURL_VERSION_IDN
LogInit:  CurlRequestOptions (configurable via config and command line):
LogInit:  - bVerifyPeer = true  - Libcurl will verify peer certificate
LogInit:  - bUseHttpProxy = false  - Libcurl will NOT use HTTP proxy
LogInit:  - bDontReuseConnections = false  - Libcurl will reuse connections
LogInit:  - MaxHostConnections = 16  - Libcurl will limit the number of connections to a host
LogInit:  - LocalHostAddr = Default
LogInit:  - BufferSize = 65536
LogInit: WinSock: version 1.1 (2.2), MaxSocks=32767, MaxUdp=65467
LogInit: Build: ++UE4+Release-4.21-CL-4753647
LogInit: Engine Version: 4.21.2-4753647+++UE4+Release-4.21
LogInit: Compatible Engine Version: 4.21.0-4541578+++UE4+Release-4.21
LogInit: Net CL: 4541578
LogInit: OS: Windows 10 (), CPU: Intel(R) Core(TM) i5-4200H CPU @ 2.80GHz, GPU: Intel(R) HD Graphics 4600
LogInit: Compiled (64-bit): Jan 19 2019 02:07:31
LogInit: Compiled with Visual C++: 19.13.26129.00
LogInit: Build Configuration: Development
LogInit: Branch Name: ++UE4+Release-4.21
LogInit: Command Line: 
LogInit: Base Directory: D:/Installations/UE_4.21/Engine/Binaries/Win64/
LogInit: Installed Engine Build: 1
LogDevObjectVersion: Number of dev versions registered: 22
LogDevObjectVersion:   Dev-Blueprints (B0D832E4-1F89-4F0D-ACCF-7EB736FD4AA2): 10
LogDevObjectVersion:   Dev-Build (E1C64328-A22C-4D53-A36C-8E866417BD8C): 0
LogDevObjectVersion:   Dev-Core (375EC13C-06E4-48FB-B500-84F0262A717E): 2
LogDevObjectVersion:   Dev-Editor (E4B068ED-F494-42E9-A231-DA0B2E46BB41): 26
LogDevObjectVersion:   Dev-Framework (CFFC743F-43B0-4480-9391-14DF171D2073): 34
LogDevObjectVersion:   Dev-Mobile (B02B49B5-BB20-44E9-A304-32B752E40360): 2
LogDevObjectVersion:   Dev-Networking (A4E4105C-59A1-49B5-A7C5-40C4547EDFEE): 0
LogDevObjectVersion:   Dev-Online (39C831C9-5AE6-47DC-9A44-9C173E1C8E7C): 0
LogDevObjectVersion:   Dev-Physics (78F01B33-EBEA-4F98-B9B4-84EACCB95AA2): 0
LogDevObjectVersion:   Dev-Platform (6631380F-2D4D-43E0-8009-CF276956A95A): 0
LogDevObjectVersion:   Dev-Rendering (12F88B9F-8875-4AFC-A67C-D90C383ABD29): 27
LogDevObjectVersion:   Dev-Sequencer (7B5AE74C-D270-4C10-A958-57980B212A5A): 9
LogDevObjectVersion:   Dev-VR (D7296918-1DD6-4BDD-9DE2-64A83CC13884): 2
LogDevObjectVersion:   Dev-LoadTimes (C2A15278-BFE7-4AFE-6C17-90FF531DF755): 1
LogDevObjectVersion:   Private-Geometry (6EACA3D4-40EC-4CC1-B786-8BED09428FC5): 3
LogDevObjectVersion:   Dev-AnimPhys (29E575DD-E0A3-4627-9D10-D276232CDCEA): 17
LogDevObjectVersion:   Dev-Anim (AF43A65D-7FD3-4947-9873-3E8ED9C1BB05): 2
LogDevObjectVersion:   Dev-ReflectionCapture (6B266CEC-1EC7-4B8F-A30B-E4D90942FC07): 1
LogDevObjectVersion:   Dev-Automation (0DF73D61-A23F-47EA-B727-89E90C41499A): 1
LogDevObjectVersion:   FortniteMain (601D1886-AC64-4F84-AA16-D3DE0DEAC7D6): 17
LogDevObjectVersion:   Dev-Enterprise (9DFFBCD6-494F-0158-E221-12823C92A888): 4
LogDevObjectVersion:   Dev-Niagara (F2AED0AC-9AFE-416F-8664-AA7FFA26D6FC): 1
LogStreaming: Display: Took  0.084s to delete old logs.
LogInit: Presizing for max 8388607 objects, including 0 objects not considered by GC, pre-allocating 0 bytes for permanent pool.
LogInit: Object subsystem initialized
LogConfig: Setting CVar [[con.DebugEarlyDefault:1]]
LogConfig: Setting CVar [[r.setres:1280x720]]
[2019.02.27-20.57.33:534][  0]LogConfig: Setting CVar [[r.VSync:0]]
[2019.02.27-20.57.33:534][  0]LogConfig: Setting CVar [[r.RHICmdBypass:0]]
[2019.02.27-20.57.33:534][  0]LogConfig: Applying CVar settings from Section [/Script/Engine.RendererSettings] File [D:/tutorial/lastversion/UE4_RunnerGame/Saved/Config/Windows/Engine.ini]
[2019.02.27-20.57.33:534][  0]LogConfig: Setting CVar [[r.GPUCrashDebugging:1]]
[2019.02.27-20.57.33:534][  0]LogConfig: Setting CVar [[r.MobileHDR:1]]
[2019.02.27-20.57.33:534][  0]LogConfig: Setting CVar [[r.Mobile.DisableVertexFog:1]]
[2019.02.27-20.57.33:534][  0]LogConfig: Setting CVar [[r.Shadow.CSM.MaxMobileCascades:2]]
[2019.02.27-20.57.33:534][  0]LogConfig: Setting CVar [[r.MobileMSAA:1]]
[2019.02.27-20.57.33:534][  0]LogConfig: Setting CVar [[r.DiscardUnusedQuality:0]]
[2019.02.27-20.57.33:534][  0]LogConfig: Setting CVar [[r.AllowOcclusionQueries:1]]
[2019.02.27-20.57.33:534][  0]LogConfig: Setting CVar [[r.MinScreenRadiusForLights:0.030000]]
[2019.02.27-20.57.33:534][  0]LogConfig: Setting CVar [[r.MinScreenRadiusForDepthPrepass:0.030000]]
[2019.02.27-20.57.33:534][  0]LogConfig: Setting CVar [[r.MinScreenRadiusForCSMDepth:0.010000]]
[2019.02.27-20.57.33:534][  0]LogConfig: Setting CVar [[r.PrecomputedVisibilityWarning:0]]
[2019.02.27-20.57.33:534][  0]LogConfig: Setting CVar [[r.TextureStreaming:1]]
[2019.02.27-20.57.33:534][  0]LogConfig: Setting CVar [[Compat.UseDXT5NormalMaps:0]]
[2019.02.27-20.57.33:534][  0]LogConfig: Setting CVar [[r.ClearCoatNormal:0]]
[2019.02.27-20.57.33:534][  0]LogConfig: Setting CVar [[r.ReflectionCaptureResolution:128]]
[2019.02.27-20.57.33:534][  0]LogConfig: Setting CVar [[r.ReflectionEnvironmentLightmapMixBasedOnRoughness:1]]
[2019.02.27-20.57.33:534][  0]LogConfig: Setting CVar [[r.ForwardShading:0]]
[2019.02.27-20.57.33:534][  0]LogConfig: Setting CVar [[r.VertexFoggingForOpaque:1]]
[2019.02.27-20.57.33:534][  0]LogConfig: Setting CVar [[r.AllowStaticLighting:1]]
[2019.02.27-20.57.33:534][  0]LogConfig: Setting CVar [[r.NormalMapsForStaticLighting:0]]
[2019.02.27-20.57.33:534][  0]LogConfig: Setting CVar [[r.GenerateMeshDistanceFields:0]]
[2019.02.27-20.57.33:534][  0]LogConfig: Setting CVar [[r.DistanceFieldBuild.EightBit:0]]
[2019.02.27-20.57.33:534][  0]LogConfig: Setting CVar [[r.GenerateLandscapeGIData:0]]
[2019.02.27-20.57.33:534][  0]LogConfig: Setting CVar [[r.DistanceFieldBuild.Compress:0]]
[2019.02.27-20.57.33:534][  0]LogConfig: Setting CVar [[r.TessellationAdaptivePixelsPerTriangle:48.000000]]
[2019.02.27-20.57.33:534][  0]LogConfig: Setting CVar [[r.SeparateTranslucency:0]]
[2019.02.27-20.57.33:534][  0]LogConfig: Setting CVar [[r.TranslucentSortPolicy:0]]
[2019.02.27-20.57.33:534][  0]LogConfig: Setting CVar [[r.CustomDepth:1]]
[2019.02.27-20.57.33:534][  0]LogConfig: Setting CVar [[r.CustomDepthTemporalAAJitter:1]]
[2019.02.27-20.57.33:534][  0]LogConfig: Setting CVar [[r.PostProcessing.PropagateAlpha:0]]
[2019.02.27-20.57.33:534][  0]LogConfig: Setting CVar [[r.UsePreExposure:0]]
[2019.02.27-20.57.33:534][  0]LogConfig: Setting CVar [[r.DefaultFeature.Bloom:1]]
[2019.02.27-20.57.33:534][  0]LogConfig: Setting CVar [[r.DefaultFeature.AmbientOcclusion:0]]
[2019.02.27-20.57.33:534][  0]LogConfig: Setting CVar [[r.DefaultFeature.AmbientOcclusionStaticFraction:1]]
[2019.02.27-20.57.33:534][  0]LogConfig: Setting CVar [[r.DefaultFeature.AutoExposure:0]]
[2019.02.27-20.57.33:534][  0]LogConfig: Setting CVar [[r.DefaultFeature.AutoExposure.Method:0]]
[2019.02.27-20.57.33:534][  0]LogConfig: Setting CVar [[r.DefaultFeature.MotionBlur:0]]
[2019.02.27-20.57.33:534][  0]LogConfig: Setting CVar [[r.DefaultFeature.LensFlare:0]]
[2019.02.27-20.57.33:534][  0]LogConfig: Setting CVar [[r.TemporalAA.Upsampling:0]]
[2019.02.27-20.57.33:534][  0]LogConfig: Setting CVar [[r.DefaultFeature.AntiAliasing:0]]
[2019.02.27-20.57.33:534][  0]LogConfig: Setting CVar [[r.Shadow.UnbuiltPreviewInGame:1]]
[2019.02.27-20.57.33:534][  0]LogConfig: Setting CVar [[r.StencilForLODDither:0]]
[2019.02.27-20.57.33:534][  0]LogConfig: Setting CVar [[r.EarlyZPass:3]]
[2019.02.27-20.57.33:535][  0]LogConfig: Setting CVar [[r.EarlyZPassMovable:1]]
[2019.02.27-20.57.33:535][  0]LogConfig: Setting CVar [[r.EarlyZPassOnlyMaterialMasking:0]]
[2019.02.27-20.57.33:535][  0]LogConfig: Setting CVar [[r.DBuffer:1]]
[2019.02.27-20.57.33:535][  0]LogConfig: Setting CVar [[r.ClearSceneMethod:1]]
[2019.02.27-20.57.33:535][  0]LogConfig: Setting CVar [[r.BasePassOutputsVelocity:0]]
[2019.02.27-20.57.33:535][  0]LogConfig: Setting CVar [[r.SelectiveBasePassOutputs:0]]
[2019.02.27-20.57.33:535][  0]LogConfig: Setting CVar [[r.AllowGlobalClipPlane:0]]
[2019.02.27-20.57.33:535][  0]LogConfig: Setting CVar [[r.GBufferFormat:1]]
[2019.02.27-20.57.33:535][  0]LogConfig: Setting CVar [[r.MorphTarget.Mode:1]]
[2019.02.27-20.57.33:535][  0]LogConfig: Setting CVar [[vr.InstancedStereo:0]]
[2019.02.27-20.57.33:535][  0]LogConfig: Setting CVar [[vr.MultiView:0]]
[2019.02.27-20.57.33:535][  0]LogConfig: Setting CVar [[vr.MobileMultiView:0]]
[2019.02.27-20.57.33:535][  0]LogConfig: Setting CVar [[vr.MobileMultiView.Direct:0]]
[2019.02.27-20.57.33:535][  0]LogConfig: Setting CVar [[vr.MonoscopicFarField:0]]
[2019.02.27-20.57.33:535][  0]LogConfig: Setting CVar [[r.WireframeCullThreshold:5.000000]]
[2019.02.27-20.57.33:535][  0]LogConfig: Setting CVar [[r.SupportStationarySkylight:1]]
[2019.02.27-20.57.33:535][  0]LogConfig: Setting CVar [[r.SupportLowQualityLightmaps:1]]
[2019.02.27-20.57.33:535][  0]LogConfig: Setting CVar [[r.SupportPointLightWholeSceneShadows:1]]
[2019.02.27-20.57.33:535][  0]LogConfig: Setting CVar [[r.SupportAtmosphericFog:1]]
[2019.02.27-20.57.33:535][  0]LogConfig: Setting CVar [[r.SkinCache.CompileShaders:0]]
[2019.02.27-20.57.33:535][  0]LogConfig: Setting CVar [[r.Mobile.EnableStaticAndCSMShadowReceivers:1]]
[2019.02.27-20.57.33:535][  0]LogConfig: Setting CVar [[r.Mobile.EnableMovableLightCSMShaderCulling:1]]
[2019.02.27-20.57.33:535][  0]LogConfig: Setting CVar [[r.Mobile.AllowDistanceFieldShadows:1]]
[2019.02.27-20.57.33:535][  0]LogConfig: Setting CVar [[r.Mobile.AllowMovableDirectionalLights:1]]
[2019.02.27-20.57.33:535][  0]LogConfig: Setting CVar [[r.MobileNumDynamicPointLights:4]]
[2019.02.27-20.57.33:535][  0]LogConfig: Setting CVar [[r.MobileDynamicPointLightsUseStaticBranch:1]]
[2019.02.27-20.57.33:535][  0]LogConfig: Setting CVar [[r.SkinCache.SceneMemoryLimitInMB:128.000000]]
[2019.02.27-20.57.33:535][  0]LogConfig: Setting CVar [[r.GPUSkin.Limit2BoneInfluences:0]]
[2019.02.27-20.57.33:535][  0]LogConfig: Setting CVar [[r.SupportDepthOnlyIndexBuffers:1]]
[2019.02.27-20.57.33:535][  0]LogConfig: Setting CVar [[r.SupportReversedIndexBuffers:1]]
[2019.02.27-20.57.33:535][  0]LogConfig: Setting CVar [[r.SupportMaterialLayers:0]]
[2019.02.27-20.57.33:535][  0]LogConfig: Applying CVar settings from Section [/Script/Engine.RendererOverrideSettings] File [D:/tutorial/lastversion/UE4_RunnerGame/Saved/Config/Windows/Engine.ini]
[2019.02.27-20.57.33:535][  0]LogConfig: Applying CVar settings from Section [/Script/Engine.StreamingSettings] File [D:/tutorial/lastversion/UE4_RunnerGame/Saved/Config/Windows/Engine.ini]
[2019.02.27-20.57.33:535][  0]LogConfig: Setting CVar [[s.MinBulkDataSizeForAsyncLoading:131072]]
[2019.02.27-20.57.33:535][  0]LogConfig: Setting CVar [[s.AsyncLoadingThreadEnabled:0]]
[2019.02.27-20.57.33:535][  0]LogConfig: Setting CVar [[s.EventDrivenLoaderEnabled:1]]
[2019.02.27-20.57.33:535][  0]LogConfig: Setting CVar [[s.WarnIfTimeLimitExceeded:0]]
[2019.02.27-20.57.33:535][  0]LogConfig: Setting CVar [[s.TimeLimitExceededMultiplier:1.5]]
[2019.02.27-20.57.33:535][  0]LogConfig: Setting CVar [[s.TimeLimitExceededMinTime:0.005]]
[2019.02.27-20.57.33:535][  0]LogConfig: Setting CVar [[s.UseBackgroundLevelStreaming:1]]
[2019.02.27-20.57.33:535][  0]LogConfig: Setting CVar [[s.PriorityAsyncLoadingExtraTime:15.0]]
[2019.02.27-20.57.33:535][  0]LogConfig: Setting CVar [[s.LevelStreamingActorsUpdateTimeLimit:5.0]]
[2019.02.27-20.57.33:535][  0]LogConfig: Setting CVar [[s.PriorityLevelStreamingActorsUpdateExtraTime:5.0]]
[2019.02.27-20.57.33:535][  0]LogConfig: Setting CVar [[s.LevelStreamingComponentsRegistrationGranularity:10]]
[2019.02.27-20.57.33:535][  0]LogConfig: Setting CVar [[s.UnregisterComponentsTimeLimit:1.0]]
[2019.02.27-20.57.33:535][  0]LogConfig: Setting CVar [[s.LevelStreamingComponentsUnregistrationGranularity:5]]
[2019.02.27-20.57.33:535][  0]LogConfig: Applying CVar settings from Section [/Script/Engine.GarbageCollectionSettings] File [D:/tutorial/lastversion/UE4_RunnerGame/Saved/Config/Windows/Engine.ini]
[2019.02.27-20.57.33:535][  0]LogConfig: Setting CVar [[gc.MaxObjectsNotConsideredByGC:1]]
[2019.02.27-20.57.33:535][  0]LogConfig: Setting CVar [[gc.SizeOfPermanentObjectPool:0]]
[2019.02.27-20.57.33:535][  0]LogConfig: Setting CVar [[gc.FlushStreamingOnGC:0]]
[2019.02.27-20.57.33:535][  0]LogConfig: Setting CVar [[gc.NumRetriesBeforeForcingGC:10]]
[2019.02.27-20.57.33:535][  0]LogConfig: Setting CVar [[gc.AllowParallelGC:1]]
[2019.02.27-20.57.33:535][  0]LogConfig: Setting CVar [[gc.TimeBetweenPurgingPendingKillObjects:61.1]]
[2019.02.27-20.57.33:535][  0]LogConfig: Setting CVar [[gc.MaxObjectsInEditor:8388607]]
[2019.02.27-20.57.33:535][  0]LogConfig: Setting CVar [[gc.IncrementalBeginDestroyEnabled:1]]
[2019.02.27-20.57.33:535][  0]LogConfig: Setting CVar [[gc.CreateGCClusters:1]]
[2019.02.27-20.57.33:535][  0]LogConfig: Setting CVar [[gc.MergeGCClusters:0]]
[2019.02.27-20.57.33:535][  0]LogConfig: Setting CVar [[gc.MinGCClusterSize:5]]
[2019.02.27-20.57.33:535][  0]LogConfig: Setting CVar [[gc.ActorClusteringEnabled:0]]
[2019.02.27-20.57.33:535][  0]LogConfig: Setting CVar [[gc.BlueprintClusteringEnabled:0]]
[2019.02.27-20.57.33:535][  0]LogConfig: Setting CVar [[gc.UseDisregardForGCOnDedicatedServers:0]]
[2019.02.27-20.57.33:535][  0]LogConfig: Applying CVar settings from Section [/Script/Engine.NetworkSettings] File [D:/tutorial/lastversion/UE4_RunnerGame/Saved/Config/Windows/Engine.ini]
[2019.02.27-20.57.33:535][  0]LogConfig: Applying CVar settings from Section [/Script/UnrealEd.CookerSettings] File [D:/tutorial/lastversion/UE4_RunnerGame/Saved/Config/Windows/Engine.ini]
[2019.02.27-20.57.33:539][  0]LogConfig: Applying CVar settings from Section [ViewDistanceQuality@3] File [D:/tutorial/lastversion/UE4_RunnerGame/Saved/Config/Windows/Scalability.ini]
[2019.02.27-20.57.33:539][  0]LogConfig: Setting CVar [[r.SkeletalMeshLODBias:0]]
[2019.02.27-20.57.33:539][  0]LogConfig: Setting CVar [[r.ViewDistanceScale:1.0]]
[2019.02.27-20.57.33:539][  0]LogConfig: Applying CVar settings from Section [AntiAliasingQuality@3] File [D:/tutorial/lastversion/UE4_RunnerGame/Saved/Config/Windows/Scalability.ini]
[2019.02.27-20.57.33:539][  0]LogConfig: Setting CVar [[r.PostProcessAAQuality:4]]
[2019.02.27-20.57.33:539][  0]LogConfig: Applying CVar settings from Section [ShadowQuality@3] File [D:/tutorial/lastversion/UE4_RunnerGame/Saved/Config/Windows/Scalability.ini]
[2019.02.27-20.57.33:539][  0]LogConfig: Setting CVar [[r.LightFunctionQuality:1]]
[2019.02.27-20.57.33:539][  0]LogConfig: Setting CVar [[r.ShadowQuality:5]]
[2019.02.27-20.57.33:539][  0]LogConfig: Setting CVar [[r.Shadow.CSM.MaxCascades:10]]
[2019.02.27-20.57.33:539][  0]LogConfig: Setting CVar [[r.Shadow.MaxResolution:2048]]
[2019.02.27-20.57.33:539][  0]LogConfig: Setting CVar [[r.Shadow.MaxCSMResolution:2048]]
[2019.02.27-20.57.33:539][  0]LogConfig: Setting CVar [[r.Shadow.RadiusThreshold:0.01]]
[2019.02.27-20.57.33:539][  0]LogConfig: Setting CVar [[r.Shadow.DistanceScale:1.0]]
[2019.02.27-20.57.33:539][  0]LogConfig: Setting CVar [[r.Shadow.CSM.TransitionScale:1.0]]
[2019.02.27-20.57.33:539][  0]LogConfig: Setting CVar [[r.Shadow.PreShadowResolutionFactor:1.0]]
[2019.02.27-20.57.33:539][  0]LogConfig: Setting CVar [[r.DistanceFieldShadowing:1]]
[2019.02.27-20.57.33:539][  0]LogConfig: Setting CVar [[r.DistanceFieldAO:1]]
[2019.02.27-20.57.33:539][  0]LogConfig: Setting CVar [[r.AOQuality:2]]
[2019.02.27-20.57.33:539][  0]LogConfig: Setting CVar [[r.VolumetricFog:1]]
[2019.02.27-20.57.33:539][  0]LogConfig: Setting CVar [[r.VolumetricFog.GridPixelSize:8]]
[2019.02.27-20.57.33:539][  0]LogConfig: Setting CVar [[r.VolumetricFog.GridSizeZ:128]]
[2019.02.27-20.57.33:539][  0]LogConfig: Setting CVar [[r.VolumetricFog.HistoryMissSupersampleCount:4]]
[2019.02.27-20.57.33:539][  0]LogConfig: Setting CVar [[r.LightMaxDrawDistanceScale:1]]
[2019.02.27-20.57.33:539][  0]LogConfig: Setting CVar [[r.CapsuleShadows:1]]
[2019.02.27-20.57.33:539][  0]LogConfig: Applying CVar settings from Section [PostProcessQuality@3] File [D:/tutorial/lastversion/UE4_RunnerGame/Saved/Config/Windows/Scalability.ini]
[2019.02.27-20.57.33:539][  0]LogConfig: Setting CVar [[r.MotionBlurQuality:4]]
[2019.02.27-20.57.33:539][  0]LogConfig: Setting CVar [[r.AmbientOcclusionMipLevelFactor:0.4]]
[2019.02.27-20.57.33:539][  0]LogConfig: Setting CVar [[r.AmbientOcclusionMaxQuality:100]]
[2019.02.27-20.57.33:539][  0]LogConfig: Setting CVar [[r.AmbientOcclusionLevels:-1]]
[2019.02.27-20.57.33:539][  0]LogConfig: Setting CVar [[r.AmbientOcclusionRadiusScale:1.0]]
[2019.02.27-20.57.33:539][  0]LogConfig: Setting CVar [[r.DepthOfFieldQuality:2]]
[2019.02.27-20.57.33:539][  0]LogConfig: Setting CVar [[r.RenderTargetPoolMin:400]]
[2019.02.27-20.57.33:539][  0]LogConfig: Setting CVar [[r.LensFlareQuality:2]]
[2019.02.27-20.57.33:539][  0]LogConfig: Setting CVar [[r.SceneColorFringeQuality:1]]
[2019.02.27-20.57.33:539][  0]LogConfig: Setting CVar [[r.EyeAdaptationQuality:2]]
[2019.02.27-20.57.33:539][  0]LogConfig: Setting CVar [[r.BloomQuality:5]]
[2019.02.27-20.57.33:539][  0]LogConfig: Setting CVar [[r.FastBlurThreshold:100]]
[2019.02.27-20.57.33:539][  0]LogConfig: Setting CVar [[r.Upscale.Quality:3]]
[2019.02.27-20.57.33:539][  0]LogConfig: Setting CVar [[r.Tonemapper.GrainQuantization:1]]
[2019.02.27-20.57.33:539][  0]LogConfig: Setting CVar [[r.LightShaftQuality:1]]
[2019.02.27-20.57.33:539][  0]LogConfig: Setting CVar [[r.Filter.SizeScale:1]]
[2019.02.27-20.57.33:539][  0]LogConfig: Setting CVar [[r.Tonemapper.Quality:5]]
[2019.02.27-20.57.33:539][  0]LogConfig: Setting CVar [[r.DOF.Gather.AccumulatorQuality:1        ; higher gathering accumulator quality]]
[2019.02.27-20.57.33:539][  0]LogConfig: Setting CVar [[r.DOF.Gather.PostfilterMethod:1          ; Median3x3 postfilering method]]
[2019.02.27-20.57.33:539][  0]LogConfig: Setting CVar [[r.DOF.Gather.EnableBokehSettings:0       ; no bokeh simulation when gathering]]
[2019.02.27-20.57.33:539][  0]LogConfig: Setting CVar [[r.DOF.Gather.RingCount:4                 ; medium number of samples when gathering]]
[2019.02.27-20.57.33:539][  0]LogConfig: Setting CVar [[r.DOF.Scatter.ForegroundCompositing:1    ; additive foreground scattering]]
[2019.02.27-20.57.33:539][  0]LogConfig: Setting CVar [[r.DOF.Scatter.BackgroundCompositing:2    ; additive background scattering]]
[2019.02.27-20.57.33:539][  0]LogConfig: Setting CVar [[r.DOF.Scatter.EnableBokehSettings:1      ; bokeh simulation when scattering]]
[2019.02.27-20.57.33:539][  0]LogConfig: Setting CVar [[r.DOF.Scatter.MaxSpriteRatio:0.1         ; only a maximum of 10% of scattered bokeh]]
[2019.02.27-20.57.33:539][  0]LogConfig: Setting CVar [[r.DOF.Recombine.Quality:1                ; cheap slight out of focus]]
[2019.02.27-20.57.33:539][  0]LogConfig: Setting CVar [[r.DOF.Recombine.EnableBokehSettings:0    ; no bokeh simulation on slight out of focus]]
[2019.02.27-20.57.33:539][  0]LogConfig: Setting CVar [[r.DOF.TemporalAAQuality:1                ; more stable temporal accumulation]]
[2019.02.27-20.57.33:539][  0]LogConfig: Setting CVar [[r.DOF.Kernel.MaxForegroundRadius:0.025]]
[2019.02.27-20.57.33:539][  0]LogConfig: Setting CVar [[r.DOF.Kernel.MaxBackgroundRadius:0.025]]
[2019.02.27-20.57.33:539][  0]LogConfig: Applying CVar settings from Section [TextureQuality@3] File [D:/tutorial/lastversion/UE4_RunnerGame/Saved/Config/Windows/Scalability.ini]
[2019.02.27-20.57.33:539][  0]LogConfig: Setting CVar [[r.Streaming.MipBias:0]]
[2019.02.27-20.57.33:539][  0]LogConfig: Setting CVar [[r.Streaming.AmortizeCPUToGPUCopy:0]]
[2019.02.27-20.57.33:539][  0]LogConfig: Setting CVar [[r.Streaming.MaxNumTexturesToStreamPerFrame:0]]
[2019.02.27-20.57.33:539][  0]LogConfig: Setting CVar [[r.Streaming.Boost:1]]
[2019.02.27-20.57.33:539][  0]LogConfig: Setting CVar [[r.MaxAnisotropy:8]]
[2019.02.27-20.57.33:539][  0]LogConfig: Setting CVar [[r.Streaming.LimitPoolSizeToVRAM:0]]
[2019.02.27-20.57.33:539][  0]LogConfig: Setting CVar [[r.Streaming.PoolSize:1000]]
[2019.02.27-20.57.33:539][  0]LogConfig: Setting CVar [[r.Streaming.MaxEffectiveScreenSize:0]]
[2019.02.27-20.57.33:539][  0]LogConfig: Applying CVar settings from Section [EffectsQuality@3] File [D:/tutorial/lastversion/UE4_RunnerGame/Saved/Config/Windows/Scalability.ini]
[2019.02.27-20.57.33:539][  0]LogConfig: Setting CVar [[r.TranslucencyLightingVolumeDim:64]]
[2019.02.27-20.57.33:539][  0]LogConfig: Setting CVar [[r.RefractionQuality:2]]
[2019.02.27-20.57.33:539][  0]LogConfig: Setting CVar [[r.SSR.Quality:3]]
[2019.02.27-20.57.33:539][  0]LogConfig: Setting CVar [[r.SceneColorFormat:4]]
[2019.02.27-20.57.33:540][  0]LogConfig: Setting CVar [[r.DetailMode:2]]
[2019.02.27-20.57.33:540][  0]LogConfig: Setting CVar [[r.TranslucencyVolumeBlur:1]]
[2019.02.27-20.57.33:540][  0]LogConfig: Setting CVar [[r.MaterialQualityLevel:1 ; High quality]]
[2019.02.27-20.57.33:540][  0]LogConfig: Setting CVar [[r.SSS.Scale:1]]
[2019.02.27-20.57.33:540][  0]LogConfig: Setting CVar [[r.SSS.SampleSet:2]]
[2019.02.27-20.57.33:540][  0]LogConfig: Setting CVar [[r.SSS.Quality:1]]
[2019.02.27-20.57.33:540][  0]LogConfig: Setting CVar [[r.SSS.HalfRes:1]]
[2019.02.27-20.57.33:540][  0]LogConfig: Setting CVar [[r.EmitterSpawnRateScale:1.0]]
[2019.02.27-20.57.33:540][  0]LogConfig: Setting CVar [[r.ParticleLightQuality:2]]
[2019.02.27-20.57.33:540][  0]LogConfig: Applying CVar settings from Section [FoliageQuality@3] File [D:/tutorial/lastversion/UE4_RunnerGame/Saved/Config/Windows/Scalability.ini]
[2019.02.27-20.57.33:540][  0]LogConfig: Setting CVar [[foliage.DensityScale:1.0]]
[2019.02.27-20.57.33:540][  0]LogConfig: Setting CVar [[grass.DensityScale:1.0]]
[2019.02.27-20.57.33:540][  0]LogInit: Selected Device Profile: [Windows]
[2019.02.27-20.57.33:540][  0]LogInit: Applying CVar settings loaded from the selected device profile: [Windows]
[2019.02.27-20.57.33:596][  0]LogHAL: Display: Platform has ~ 12 GB [12768415744 / 17179869184 / 12], which maps to Larger [LargestMinGB=32, LargerMinGB=12, DefaultMinGB=8, SmallerMinGB=6, SmallestMinGB=0)
[2019.02.27-20.57.33:596][  0]LogConfig: Setting CVar [[r.Vulkan.UseRealUBs:1]]
[2019.02.27-20.57.33:596][  0]LogInit: Going up to parent DeviceProfile []
[2019.02.27-20.57.33:596][  0]LogConfig: Applying CVar settings from Section [ViewDistanceQuality@3] File [D:/tutorial/lastversion/UE4_RunnerGame/Saved/Config/Windows/Scalability.ini]
[2019.02.27-20.57.33:596][  0]LogConfig: Setting CVar [[r.SkeletalMeshLODBias:0]]
[2019.02.27-20.57.33:596][  0]LogConfig: Setting CVar [[r.ViewDistanceScale:1.0]]
[2019.02.27-20.57.33:596][  0]LogConfig: Applying CVar settings from Section [AntiAliasingQuality@3] File [D:/tutorial/lastversion/UE4_RunnerGame/Saved/Config/Windows/Scalability.ini]
[2019.02.27-20.57.33:596][  0]LogConfig: Setting CVar [[r.PostProcessAAQuality:4]]
[2019.02.27-20.57.33:596][  0]LogConfig: Applying CVar settings from Section [ShadowQuality@3] File [D:/tutorial/lastversion/UE4_RunnerGame/Saved/Config/Windows/Scalability.ini]
[2019.02.27-20.57.33:596][  0]LogConfig: Setting CVar [[r.LightFunctionQuality:1]]
[2019.02.27-20.57.33:596][  0]LogConfig: Setting CVar [[r.ShadowQuality:5]]
[2019.02.27-20.57.33:596][  0]LogConfig: Setting CVar [[r.Shadow.CSM.MaxCascades:10]]
[2019.02.27-20.57.33:596][  0]LogConfig: Setting CVar [[r.Shadow.MaxResolution:2048]]
[2019.02.27-20.57.33:596][  0]LogConfig: Setting CVar [[r.Shadow.MaxCSMResolution:2048]]
[2019.02.27-20.57.33:596][  0]LogConfig: Setting CVar [[r.Shadow.RadiusThreshold:0.01]]
[2019.02.27-20.57.33:596][  0]LogConfig: Setting CVar [[r.Shadow.DistanceScale:1.0]]
[2019.02.27-20.57.33:596][  0]LogConfig: Setting CVar [[r.Shadow.CSM.TransitionScale:1.0]]
[2019.02.27-20.57.33:596][  0]LogConfig: Setting CVar [[r.Shadow.PreShadowResolutionFactor:1.0]]
[2019.02.27-20.57.33:596][  0]LogConfig: Setting CVar [[r.DistanceFieldShadowing:1]]
[2019.02.27-20.57.33:596][  0]LogConfig: Setting CVar [[r.DistanceFieldAO:1]]
[2019.02.27-20.57.33:596][  0]LogConfig: Setting CVar [[r.AOQuality:2]]
[2019.02.27-20.57.33:596][  0]LogConfig: Setting CVar [[r.VolumetricFog:1]]
[2019.02.27-20.57.33:596][  0]LogConfig: Setting CVar [[r.VolumetricFog.GridPixelSize:8]]
[2019.02.27-20.57.33:596][  0]LogConfig: Setting CVar [[r.VolumetricFog.GridSizeZ:128]]
[2019.02.27-20.57.33:596][  0]LogConfig: Setting CVar [[r.VolumetricFog.HistoryMissSupersampleCount:4]]
[2019.02.27-20.57.33:596][  0]LogConfig: Setting CVar [[r.LightMaxDrawDistanceScale:1]]
[2019.02.27-20.57.33:596][  0]LogConfig: Setting CVar [[r.CapsuleShadows:1]]
[2019.02.27-20.57.33:596][  0]LogConfig: Applying CVar settings from Section [PostProcessQuality@3] File [D:/tutorial/lastversion/UE4_RunnerGame/Saved/Config/Windows/Scalability.ini]
[2019.02.27-20.57.33:596][  0]LogConfig: Setting CVar [[r.MotionBlurQuality:4]]
[2019.02.27-20.57.33:596][  0]LogConfig: Setting CVar [[r.AmbientOcclusionMipLevelFactor:0.4]]
[2019.02.27-20.57.33:596][  0]LogConfig: Setting CVar [[r.AmbientOcclusionMaxQuality:100]]
[2019.02.27-20.57.33:596][  0]LogConfig: Setting CVar [[r.AmbientOcclusionLevels:-1]]
[2019.02.27-20.57.33:596][  0]LogConfig: Setting CVar [[r.AmbientOcclusionRadiusScale:1.0]]
[2019.02.27-20.57.33:596][  0]LogConfig: Setting CVar [[r.DepthOfFieldQuality:2]]
[2019.02.27-20.57.33:596][  0]LogConfig: Setting CVar [[r.RenderTargetPoolMin:400]]
[2019.02.27-20.57.33:596][  0]LogConfig: Setting CVar [[r.LensFlareQuality:2]]
[2019.02.27-20.57.33:596][  0]LogConfig: Setting CVar [[r.SceneColorFringeQuality:1]]
[2019.02.27-20.57.33:596][  0]LogConfig: Setting CVar [[r.EyeAdaptationQuality:2]]
[2019.02.27-20.57.33:596][  0]LogConfig: Setting CVar [[r.BloomQuality:5]]
[2019.02.27-20.57.33:596][  0]LogConfig: Setting CVar [[r.FastBlurThreshold:100]]
[2019.02.27-20.57.33:596][  0]LogConfig: Setting CVar [[r.Upscale.Quality:3]]
[2019.02.27-20.57.33:596][  0]LogConfig: Setting CVar [[r.Tonemapper.GrainQuantization:1]]
[2019.02.27-20.57.33:596][  0]LogConfig: Setting CVar [[r.LightShaftQuality:1]]
[2019.02.27-20.57.33:596][  0]LogConfig: Setting CVar [[r.Filter.SizeScale:1]]
[2019.02.27-20.57.33:596][  0]LogConfig: Setting CVar [[r.Tonemapper.Quality:5]]
[2019.02.27-20.57.33:596][  0]LogConfig: Setting CVar [[r.DOF.Gather.AccumulatorQuality:1        ; higher gathering accumulator quality]]
[2019.02.27-20.57.33:597][  0]LogConfig: Setting CVar [[r.DOF.Gather.PostfilterMethod:1          ; Median3x3 postfilering method]]
[2019.02.27-20.57.33:597][  0]LogConfig: Setting CVar [[r.DOF.Gather.EnableBokehSettings:0       ; no bokeh simulation when gathering]]
[2019.02.27-20.57.33:597][  0]LogConfig: Setting CVar [[r.DOF.Gather.RingCount:4                 ; medium number of samples when gathering]]
[2019.02.27-20.57.33:597][  0]LogConfig: Setting CVar [[r.DOF.Scatter.ForegroundCompositing:1    ; additive foreground scattering]]
[2019.02.27-20.57.33:597][  0]LogConfig: Setting CVar [[r.DOF.Scatter.BackgroundCompositing:2    ; additive background scattering]]
[2019.02.27-20.57.33:597][  0]LogConfig: Setting CVar [[r.DOF.Scatter.EnableBokehSettings:1      ; bokeh simulation when scattering]]
[2019.02.27-20.57.33:597][  0]LogConfig: Setting CVar [[r.DOF.Scatter.MaxSpriteRatio:0.1         ; only a maximum of 10% of scattered bokeh]]
[2019.02.27-20.57.33:597][  0]LogConfig: Setting CVar [[r.DOF.Recombine.Quality:1                ; cheap slight out of focus]]
[2019.02.27-20.57.33:597][  0]LogConfig: Setting CVar [[r.DOF.Recombine.EnableBokehSettings:0    ; no bokeh simulation on slight out of focus]]
[2019.02.27-20.57.33:597][  0]LogConfig: Setting CVar [[r.DOF.TemporalAAQuality:1                ; more stable temporal accumulation]]
[2019.02.27-20.57.33:597][  0]LogConfig: Setting CVar [[r.DOF.Kernel.MaxForegroundRadius:0.025]]
[2019.02.27-20.57.33:597][  0]LogConfig: Setting CVar [[r.DOF.Kernel.MaxBackgroundRadius:0.025]]
[2019.02.27-20.57.33:597][  0]LogConfig: Applying CVar settings from Section [TextureQuality@3] File [D:/tutorial/lastversion/UE4_RunnerGame/Saved/Config/Windows/Scalability.ini]
[2019.02.27-20.57.33:597][  0]LogConfig: Setting CVar [[r.Streaming.MipBias:0]]
[2019.02.27-20.57.33:597][  0]LogConfig: Setting CVar [[r.Streaming.AmortizeCPUToGPUCopy:0]]
[2019.02.27-20.57.33:597][  0]LogConfig: Setting CVar [[r.Streaming.MaxNumTexturesToStreamPerFrame:0]]
[2019.02.27-20.57.33:597][  0]LogConfig: Setting CVar [[r.Streaming.Boost:1]]
[2019.02.27-20.57.33:597][  0]LogConfig: Setting CVar [[r.MaxAnisotropy:8]]
[2019.02.27-20.57.33:597][  0]LogConfig: Setting CVar [[r.Streaming.LimitPoolSizeToVRAM:0]]
[2019.02.27-20.57.33:597][  0]LogConfig: Setting CVar [[r.Streaming.PoolSize:1000]]
[2019.02.27-20.57.33:597][  0]LogConfig: Setting CVar [[r.Streaming.MaxEffectiveScreenSize:0]]
[2019.02.27-20.57.33:597][  0]LogConfig: Applying CVar settings from Section [EffectsQuality@3] File [D:/tutorial/lastversion/UE4_RunnerGame/Saved/Config/Windows/Scalability.ini]
[2019.02.27-20.57.33:597][  0]LogConfig: Setting CVar [[r.TranslucencyLightingVolumeDim:64]]
[2019.02.27-20.57.33:597][  0]LogConfig: Setting CVar [[r.RefractionQuality:2]]
[2019.02.27-20.57.33:597][  0]LogConfig: Setting CVar [[r.SSR.Quality:3]]
[2019.02.27-20.57.33:597][  0]LogConfig: Setting CVar [[r.SceneColorFormat:4]]
[2019.02.27-20.57.33:597][  0]LogConfig: Setting CVar [[r.DetailMode:2]]
[2019.02.27-20.57.33:597][  0]LogConfig: Setting CVar [[r.TranslucencyVolumeBlur:1]]
[2019.02.27-20.57.33:597][  0]LogConfig: Setting CVar [[r.MaterialQualityLevel:1 ; High quality]]
[2019.02.27-20.57.33:597][  0]LogConfig: Setting CVar [[r.SSS.Scale:1]]
[2019.02.27-20.57.33:597][  0]LogConfig: Setting CVar [[r.SSS.SampleSet:2]]
[2019.02.27-20.57.33:597][  0]LogConfig: Setting CVar [[r.SSS.Quality:1]]
[2019.02.27-20.57.33:597][  0]LogConfig: Setting CVar [[r.SSS.HalfRes:1]]
[2019.02.27-20.57.33:597][  0]LogConfig: Setting CVar [[r.EmitterSpawnRateScale:1.0]]
[2019.02.27-20.57.33:597][  0]LogConfig: Setting CVar [[r.ParticleLightQuality:2]]
[2019.02.27-20.57.33:597][  0]LogConfig: Applying CVar settings from Section [FoliageQuality@3] File [D:/tutorial/lastversion/UE4_RunnerGame/Saved/Config/Windows/Scalability.ini]
[2019.02.27-20.57.33:597][  0]LogConfig: Setting CVar [[foliage.DensityScale:1.0]]
[2019.02.27-20.57.33:597][  0]LogConfig: Setting CVar [[grass.DensityScale:1.0]]
[2019.02.27-20.57.33:597][  0]LogConfig: Applying CVar settings from Section [Startup] File [../../../Engine/Config/ConsoleVariables.ini]
[2019.02.27-20.57.33:647][  0]LogConfig: Setting CVar [[net.UseAdaptiveNetUpdateFrequency:0]]
[2019.02.27-20.57.33:647][  0]LogConfig: Applying CVar settings from Section [ConsoleVariables] File [D:/tutorial/lastversion/UE4_RunnerGame/Saved/Config/Windows/Engine.ini]
[2019.02.27-20.57.33:647][  0]LogInit: Computer: DESKTOP-US0PBC3
[2019.02.27-20.57.33:648][  0]LogInit: User: Jim
[2019.02.27-20.57.33:648][  0]LogInit: CPU Page size=4096, Cores=2
[2019.02.27-20.57.33:648][  0]LogInit: High frequency timer resolution =2.728059 MHz
[2019.02.27-20.57.33:648][  0]LogMemory: Memory total: Physical=11.9GB (12GB approx)
[2019.02.27-20.57.33:648][  0]LogMemory: Platform Memory Stats for Windows
[2019.02.27-20.57.33:648][  0]LogMemory: Process Physical Memory: 102.03 MB used, 102.03 MB peak
[2019.02.27-20.57.33:648][  0]LogMemory: Process Virtual Memory: 84.61 MB used, 84.61 MB peak
[2019.02.27-20.57.33:648][  0]LogMemory: Physical Memory: 3190.73 MB used,  8986.18 MB free, 12176.91 MB total
[2019.02.27-20.57.33:648][  0]LogMemory: Virtual Memory: 4628.93 MB used,  134213096.00 MB free, 134217728.00 MB total
[2019.02.27-20.57.34:903][  0]LogInit: Using OS detected language (en-US).
[2019.02.27-20.57.34:903][  0]LogInit: Using OS detected locale (en-US).
[2019.02.27-20.57.34:925][  0]LogTextLocalizationManager: No specific localization for 'en-US' exists, so the 'en' localization will be used.
[2019.02.27-20.57.35:975][  0]LogStreaming: Display: Took  1.071s to InitEngineTextLocalization.
[2019.02.27-20.57.35:975][  0]LogInit: Setting process to per monitor DPI aware
[2019.02.27-20.57.36:629][  0]LogSlate: New Slate User Created.  User Index 0, Is Virtual User: 0
[2019.02.27-20.57.36:629][  0]LogSlate: Slate User Registered.  User Index 0, Is Virtual User: 0
[2019.02.27-20.57.40:117][  0]LogHMD: Failed to initialize OpenVR with code 110
[2019.02.27-20.57.40:117][  0]LogD3D11RHI: D3D11 adapters:
[2019.02.27-20.57.40:639][  0]LogD3D11RHI:    0. 'NVIDIA GeForce GTX 950M' (Feature Level 11_0)
[2019.02.27-20.57.40:639][  0]LogD3D11RHI:       2010/0/6088 MB DedicatedVideo/DedicatedSystem/SharedSystem, Outputs:1, VendorId:0x10de
[2019.02.27-20.57.40:647][  0]LogD3D11RHI:    1. 'Intel(R) HD Graphics 4600' (Feature Level 11_0)
[2019.02.27-20.57.40:647][  0]LogD3D11RHI:       112/0/2048 MB DedicatedVideo/DedicatedSystem/SharedSystem, Outputs:0, VendorId:0x8086
[2019.02.27-20.57.40:651][  0]LogD3D11RHI:    2. 'Microsoft Basic Render Driver' (Feature Level 11_0)
[2019.02.27-20.57.40:651][  0]LogD3D11RHI:       0/0/6088 MB DedicatedVideo/DedicatedSystem/SharedSystem, Outputs:0, VendorId:0x1414
[2019.02.27-20.57.40:651][  0]LogD3D11RHI: Chosen D3D11 Adapter: 0
[2019.02.27-20.57.40:685][  0]LogD3D11RHI: Creating new Direct3DDevice
[2019.02.27-20.57.40:685][  0]LogD3D11RHI:     GPU DeviceId: 0x139a (for the marketing name, search the web for "GPU Device Id")
[2019.02.27-20.57.40:685][  0]LogWindows: EnumDisplayDevices:
[2019.02.27-20.57.40:685][  0]LogWindows:    0. 'Intel(R) HD Graphics 4600' (P:1 D:1)
[2019.02.27-20.57.40:685][  0]LogWindows:    1. 'Intel(R) HD Graphics 4600' (P:0 D:0)
[2019.02.27-20.57.40:686][  0]LogWindows:    2. 'Intel(R) HD Graphics 4600' (P:0 D:0)
[2019.02.27-20.57.40:686][  0]LogWindows: DebugString: PrimaryIsNotTheChoosenAdapter PrimaryIsNotTheChoosenAdapter PrimaryIsNotTheChoosenAdapter FoundDriverCount:0 
[2019.02.27-20.57.40:686][  0]LogD3D11RHI:     Adapter Name: NVIDIA GeForce GTX 950M
[2019.02.27-20.57.40:686][  0]LogD3D11RHI:   Driver Version: Unknown (internal:Unknown, unified:Unknown)
[2019.02.27-20.57.40:686][  0]LogD3D11RHI:      Driver Date: Unknown
[2019.02.27-20.57.40:686][  0]LogRHI: Texture pool is 1407 MB (70% of 2010 MB)
[2019.02.27-20.57.40:739][  0]LogD3D11RHI: [Aftermath] Enabled and primed
[2019.02.27-20.57.40:739][  0]LogD3D11RHI: Async texture creation enabled
[2019.02.27-20.57.40:793][  0]LogD3D11RHI: GPU Timing Frequency: 1000.000000 (Debug: 2 2)
[2019.02.27-20.57.42:006][  0]LogTemp: Display: Loaded TP AllDesktopTargetPlatform
[2019.02.27-20.57.42:048][  0]LogTemp: Display: Loaded TP MacClientTargetPlatform
[2019.02.27-20.57.42:086][  0]LogTemp: Display: Loaded TP MacNoEditorTargetPlatform
[2019.02.27-20.57.42:122][  0]LogTemp: Display: Loaded TP MacServerTargetPlatform
[2019.02.27-20.57.42:193][  0]LogTemp: Display: Loaded TP MacTargetPlatform
[2019.02.27-20.57.42:231][  0]LogTemp: Display: Loaded TP WindowsClientTargetPlatform
[2019.02.27-20.57.42:273][  0]LogTemp: Display: Loaded TP WindowsNoEditorTargetPlatform
[2019.02.27-20.57.42:317][  0]LogTemp: Display: Loaded TP WindowsServerTargetPlatform
[2019.02.27-20.57.42:337][  0]LogTemp: Display: Loaded TP WindowsTargetPlatform
[2019.02.27-20.57.42:509][  0]LogTemp: Display: Loaded TP AndroidTargetPlatform
[2019.02.27-20.57.42:509][  0]LogTemp: Display: Loaded TP AndroidTargetPlatform
[2019.02.27-20.57.42:509][  0]LogTemp: Display: Loaded TP AndroidTargetPlatform
[2019.02.27-20.57.42:509][  0]LogTemp: Display: Loaded TP AndroidTargetPlatform
[2019.02.27-20.57.42:509][  0]LogTemp: Display: Loaded TP AndroidTargetPlatform
[2019.02.27-20.57.42:509][  0]LogTemp: Display: Loaded TP AndroidTargetPlatform
[2019.02.27-20.57.42:509][  0]LogTemp: Display: Loaded TP AndroidTargetPlatform
[2019.02.27-20.57.42:509][  0]LogTemp: Display: Loaded TP AndroidTargetPlatform
[2019.02.27-20.57.42:509][  0]LogTemp: Display: Loaded TP AndroidTargetPlatform
[2019.02.27-20.57.42:509][  0]LogTemp: Display: Loaded TP AndroidTargetPlatform
[2019.02.27-20.57.42:509][  0]LogTemp: Display: Loaded TP AndroidTargetPlatform
[2019.02.27-20.57.42:509][  0]LogTemp: Display: Loaded TP AndroidTargetPlatform
[2019.02.27-20.57.42:509][  0]LogTemp: Display: Loaded TP AndroidTargetPlatform
[2019.02.27-20.57.42:509][  0]LogTemp: Display: Loaded TP AndroidTargetPlatform
[2019.02.27-20.57.42:509][  0]LogTemp: Display: Loaded TP AndroidTargetPlatform
[2019.02.27-20.57.42:509][  0]LogTemp: Display: Loaded TP AndroidTargetPlatform
[2019.02.27-20.57.42:509][  0]LogTemp: Display: Loaded TP AndroidTargetPlatform
[2019.02.27-20.57.42:509][  0]LogTemp: Display: Loaded TP AndroidTargetPlatform
[2019.02.27-20.57.42:540][  0]LogTemp: Display: Loaded TP HTML5TargetPlatform
[2019.02.27-20.57.42:830][  0]LogTemp: Display: Loaded TP IOSTargetPlatform
[2019.02.27-20.57.42:830][  0]LogTemp: Display: Loaded TP IOSTargetPlatform
[2019.02.27-20.57.42:903][  0]LogTemp: Display: Loaded TP TVOSTargetPlatform
[2019.02.27-20.57.42:903][  0]LogTemp: Display: Loaded TP TVOSTargetPlatform
[2019.02.27-20.57.42:939][  0]LogTemp: Display: Loaded TP LinuxClientTargetPlatform
[2019.02.27-20.57.42:972][  0]LogTemp: Display: Loaded TP LinuxNoEditorTargetPlatform
[2019.02.27-20.57.43:050][  0]LogTemp: Display: Loaded TP LinuxServerTargetPlatform
[2019.02.27-20.57.43:163][  0]LogTemp: Display: Loaded TP LinuxTargetPlatform
[2019.02.27-20.57.43:291][  0]LogTemp: Display: Loaded TP LuminTargetPlatform
[2019.02.27-20.57.43:291][  0]LogTemp: Display: Loaded TP LuminTargetPlatform
[2019.02.27-20.57.43:291][  0]LogTargetPlatformManager: Display: Building Assets For Windows
[2019.02.27-20.57.44:874][  0]LogShaderCompilers: Guid format shader working directory is -6 characters bigger than the processId version (../../../../../tutorial/lastversion/UE4_RunnerGame/Intermediate/Shaders/WorkingDirectory/7300/).
[2019.02.27-20.57.44:874][  0]LogShaderCompilers: Cleaned the shader compiler working directory 'C:/Users/Jim/AppData/Local/Temp/UnrealShaderWorkingDir/D60C8A9648C7CA4357C705B179AA044E/'.
[2019.02.27-20.57.44:877][  0]LogXGEController: Cleaning working directory: C:/Users/Jim/AppData/Local/Temp/UnrealXGEWorkingDir/
[2019.02.27-20.57.44:877][  0]LogXGEController: Cannot use XGE Controller as Incredibuild is not installed on this machine.
[2019.02.27-20.57.44:877][  0]LogShaderCompilers: Cannot use XGE Shader Compiler as Incredibuild is not installed on this machine.
[2019.02.27-20.57.44:877][  0]LogShaderCompilers: Display: Using Local Shader Compiler.
[2019.02.27-20.57.48:709][  0]LogDerivedDataCache: Display: Max Cache Size: 512 MB
[2019.02.27-20.57.49:174][  0]LogDerivedDataCache: Loaded boot cache 0.46s 71MB C:/Users/Jim/AppData/Local/UnrealEngine/4.21/DerivedDataCache/Boot.ddc.
[2019.02.27-20.57.49:174][  0]LogDerivedDataCache: Display: Loaded Boot cache: C:/Users/Jim/AppData/Local/UnrealEngine/4.21/DerivedDataCache/Boot.ddc
[2019.02.27-20.57.49:174][  0]LogDerivedDataCache: FDerivedDataBackendGraph:  Pak pak cache file ../../../../../tutorial/lastversion/UE4_RunnerGame/DerivedDataCache/DDC.ddp not found, will not use a pak cache.
[2019.02.27-20.57.49:174][  0]LogDerivedDataCache: Unable to find inner node Pak for hierarchical cache Hierarchy.
[2019.02.27-20.57.49:174][  0]LogDerivedDataCache: FDerivedDataBackendGraph:  CompressedPak pak cache file ../../../../../tutorial/lastversion/UE4_RunnerGame/DerivedDataCache/Compressed.ddp not found, will not use a pak cache.
[2019.02.27-20.57.49:174][  0]LogDerivedDataCache: Unable to find inner node CompressedPak for hierarchical cache Hierarchy.
[2019.02.27-20.57.49:272][  0]LogDerivedDataCache: Display: Pak cache opened for reading ../../../Engine/DerivedDataCache/Compressed.ddp.
[2019.02.27-20.57.49:272][  0]LogDerivedDataCache: FDerivedDataBackendGraph:  EnterprisePak pak cache file ../../../Enterprise/DerivedDataCache/Compressed.ddp not found, will not use a pak cache.
[2019.02.27-20.57.49:272][  0]LogDerivedDataCache: Unable to find inner node EnterprisePak for hierarchical cache Hierarchy.
[2019.02.27-20.57.49:285][  0]LogDerivedDataCache: Using Local data cache path C:/Users/Jim/AppData/Local/UnrealEngine/Common/DerivedDataCache: Writable
[2019.02.27-20.57.49:285][  0]LogDerivedDataCache: Shared data cache path not found in *engine.ini, will not use an Shared cache.
[2019.02.27-20.57.49:285][  0]LogDerivedDataCache: Unable to find inner node Shared for hierarchical cache Hierarchy.
[2019.02.27-20.57.49:311][  0]LogMaterial: Verifying Global Shaders for PCD3D_SM5
[2019.02.27-20.57.49:313][  0]LogSlate: Using FreeType 2.6.0
[2019.02.27-20.57.49:398][  0]LogSlate: SlateFontServices - WITH_FREETYPE: 1, WITH_HARFBUZZ: 1
[2019.02.27-20.57.50:448][  0]LogAssetRegistry: FAssetRegistry took 0.0369 seconds to start up
[2019.02.27-20.57.50:897][  0]LogInit: Selected Device Profile: [Windows]
[2019.02.27-20.57.54:653][  0]LogSimplygon: Simplygon DLL not present - disabling.
[2019.02.27-20.57.55:568][  0]LogMeshReduction: Using SimplygonSwarm for distributed automatic mesh merging
[2019.02.27-20.57.55:591][  0]LogMeshReduction: Using ProxyLODMeshReduction for automatic mesh merging
[2019.02.27-20.57.55:635][  0]LogMeshReduction: Using QuadricMeshReduction for automatic static mesh reduction
[2019.02.27-20.57.55:635][  0]LogMeshReduction: No automatic skeletal mesh reduction module available
[2019.02.27-20.57.56:063][  0]LogNetVersion: runggame2 1.0.0, NetCL: 4541578, EngineNetVer: 5, GameNetVer: 0 (Checksum: 1905776006)
[2019.02.27-20.57.58:329][  0]LogObj: Error: LoadConfig (/Script/Engine.Default__RendererSettings): import failed for bEnableAlphaChannelInPostProcessing in: False
[2019.02.27-20.58.02:847][  0]LogPackageLocalizationCache: Processed 11 localized package path(s) for 2 prioritized culture(s) in 0.226488 seconds
[2019.02.27-20.58.02:858][  0]LogUObjectArray: 39775 objects as part of root set at end of initial load.
[2019.02.27-20.58.02:858][  0]LogUObjectAllocator: 6914664 out of 0 bytes used by permanent object pool.
[2019.02.27-20.58.02:858][  0]LogUObjectArray: CloseDisregardForGC: 0/0 objects in disregard for GC pool
[2019.02.27-20.58.18:581][  0]LogTcpMessaging: Initializing TcpMessaging bridge
[2019.02.27-20.58.18:668][  0]LogUdpMessaging: Initializing bridge on interface 0.0.0.0:0 to multicast group 230.0.0.1:6666.
[2019.02.27-20.58.20:841][  0]SourceControl: Source control is disabled
[2019.02.27-20.58.24:859][  0]LogAndroidPermission: UAndroidPermissionCallbackProxy::GetInstance
[2019.02.27-20.58.25:283][  0]LogOcInput: OculusInput pre-init called
[2019.02.27-20.58.25:922][  0]LogEngine: Initializing Engine...
[2019.02.27-20.58.25:923][  0]LogHMD: Failed to initialize OpenVR with code 110
[2019.02.27-20.58.25:925][  0]LogStats: UGameplayTagsManager::ConstructGameplayTagTree: ImportINI prefixes -  0.000 s
[2019.02.27-20.58.25:925][  0]LogStats: UGameplayTagsManager::ConstructGameplayTagTree: Construct from data asset -  0.000 s
[2019.02.27-20.58.25:925][  0]LogStats: UGameplayTagsManager::ConstructGameplayTagTree: ImportINI -  0.000 s
[2019.02.27-20.58.25:925][  0]LogStats: UGameplayTagsManager::ConstructGameplayTagTree: GameplayTagTreeChangedEvent.Broadcast -  0.000 s
[2019.02.27-20.58.27:051][  0]LogInit: Initializing FReadOnlyCVARCache
[2019.02.27-20.58.27:120][  0]LogAIModule: Creating AISystem for world Untitled
[2019.02.27-20.58.27:135][  0]LogInit: XAudio2 using 'Speakers (Conexant SmartAudio HD)' : 2 channels at 48 kHz using 32 bits per sample (channel mask 0x3)
[2019.02.27-20.58.27:231][  0]LogInit: FAudioDevice initialized.
[2019.02.27-20.58.27:232][  0]LogNetVersion: Set ProjectVersion to 1.0.0.0. Version Checksum will be recalculated on next use.
[2019.02.27-20.58.27:388][  0]LogDerivedDataCache: Saved boot cache 0.16s 71MB C:/Users/Jim/AppData/Local/UnrealEngine/4.21/DerivedDataCache/Boot.ddc.
[2019.02.27-20.58.27:392][  0]LogInit: Texture streaming: Enabled
[2019.02.27-20.58.27:527][  0]LogEngineSessionManager: EngineSessionManager initialized
[2019.02.27-20.58.27:570][  0]LogInit: Transaction tracking system initialized
[2019.02.27-20.58.27:746][  0]BlueprintLog: New page: Editor Load
[2019.02.27-20.58.29:474][  0]LocalizationService: Localization service is disabled
[2019.02.27-20.58.30:673][  0]LogLinker: Warning: Can't find file '/Game/FirstPersonBP/FirstPersonOverview'
[2019.02.27-20.58.30:673][  0]LogLinker: Warning: Can't find file '/Game/FirstPersonBP/FirstPersonOverview'
[2019.02.27-20.58.30:673][  0]LogUObjectGlobals: Warning: Failed to find object 'Class /Game/FirstPersonBP/FirstPersonOverview.FirstPersonOverview_C'
[2019.02.27-20.58.34:294][  0]LogCook: Display: Max memory allowance for cook 16384mb min free memory 0mb
[2019.02.27-20.58.34:294][  0]LogCook: Display: Mobile HDR setting 1
[2019.02.27-20.58.34:294][  0]LogGameplayTags: Display: UGameplayTagsManager::DoneAddingNativeTags. DelegateIsBound: 0
[2019.02.27-20.58.34:294][  0]LogStats: UGameplayTagsManager::ConstructGameplayTagTree: ImportINI prefixes -  0.000 s
[2019.02.27-20.58.34:294][  0]LogStats: UGameplayTagsManager::ConstructGameplayTagTree: Construct from data asset -  0.000 s
[2019.02.27-20.58.34:295][  0]LogStats: UGameplayTagsManager::ConstructGameplayTagTree: ImportINI -  0.000 s
[2019.02.27-20.58.34:295][  0]LogStats: UGameplayTagsManager::ConstructGameplayTagTree: GameplayTagTreeChangedEvent.Broadcast -  0.000 s
[2019.02.27-20.58.35:342][  0]LogFileCache: Scanning file cache for directory 'D:/tutorial/lastversion/UE4_RunnerGame/Content/' took 0.05s
[2019.02.27-20.58.37:756][  0]Cmd: MAP LOAD FILE="../../../../../tutorial/lastversion/UE4_RunnerGame/Content/ThirdPersonBP/Maps/ThirdPersonExampleMap.umap" TEMPLATE=0 SHOWPROGRESS=1 FEATURELEVEL=3
[2019.02.27-20.58.37:756][  0]LightingResults: New page: Lighting Build
[2019.02.27-20.58.37:761][  0]MapCheck: New page: Map Check
[2019.02.27-20.58.37:762][  0]LightingResults: New page: Lighting Build
[2019.02.27-20.58.45:228][  0]LogLinker: Warning: Can't find file '/Game/ThirdPersonBP/Blueprints/models/mitsubishieclipse/eclipse2003-normalmap'
[2019.02.27-20.58.45:228][  0]LogLinker: Warning: Can't find file for asset '/Game/ThirdPersonBP/Blueprints/models/mitsubishieclipse/eclipse2003-normalmap' while loading ../../../../../tutorial/lastversion/UE4_RunnerGame/Content/ThirdPersonBP/Blueprints/models/mitsubishieclipse/eclipseMatBlue.uasset.
[2019.02.27-20.58.45:228][  0]LoadErrors: Error: /Game/ThirdPersonBP/Blueprints/models/mitsubishieclipse/eclipseMatBlue : Can't find file for asset. /Game/ThirdPersonBP/Blueprints/models/mitsubishieclipse/eclipse2003-normalmap
[2019.02.27-20.58.45:229][  0]LogLinker: Warning: Can't find file '/Game/ThirdPersonBP/Blueprints/models/mitsubishieclipse/eclipse2003-normalmap'
[2019.02.27-20.58.45:229][  0]LogLinker: Warning: Can't find file for asset '/Game/ThirdPersonBP/Blueprints/models/mitsubishieclipse/eclipse2003-normalmap' while loading ../../../../../tutorial/lastversion/UE4_RunnerGame/Content/ThirdPersonBP/Blueprints/models/mitsubishieclipse/eclipseMatBlue.uasset.
[2019.02.27-20.58.45:229][  0]LoadErrors: Error: /Game/ThirdPersonBP/Blueprints/models/mitsubishieclipse/eclipseMatBlue : Can't find file for asset. /Game/ThirdPersonBP/Blueprints/models/mitsubishieclipse/eclipse2003-normalmap
[2019.02.27-20.58.49:035][  0]LogLinker: Warning: Can't find file '/Game/ThirdPersonBP/Blueprints/models/mitsubishieclipse/eclipse2003-normalmap'
[2019.02.27-20.58.49:035][  0]LoadErrors: Failed to load /Game/ThirdPersonBP/Blueprints/models/mitsubishieclipse/eclipse2003-normalmap.eclipse2003-normalmap Referenced by MaterialExpressionTextureSample_0
[2019.02.27-20.58.49:035][  0]LogLinker: Warning: Can't find file for asset '/Game/ThirdPersonBP/Blueprints/models/mitsubishieclipse/eclipse2003-normalmap' while loading NULL.
[2019.02.27-20.58.49:036][  0]LoadErrors: Failed to load /Game/ThirdPersonBP/Blueprints/models/mitsubishieclipse/eclipse2003-normalmap.eclipse2003-normalmap Referenced by MaterialExpressionTextureSample_0
[2019.02.27-20.58.50:615][  0]LogMaterial: Display: Missing cached shader map for material eclipseMatBlue, compiling. 
[2019.02.27-20.58.50:616][  0]LogMaterial: Warning: D:\tutorial\lastversion\UE4_RunnerGame\Content\ThirdPersonBP\Blueprints\models\mitsubishieclipse\eclipseMatBlue.uasset: Failed to compile Material for platform PCD3D_SM5, Default Material will be used in game.
[2019.02.27-20.58.50:616][  0]LogMaterial: 	(Node TextureSample) Texture Sample> Missing input texture
[2019.02.27-20.58.50:817][  0]LogAIModule: Creating AISystem for world ThirdPersonExampleMap
[2019.02.27-20.58.50:894][  0]PIE: Warning: AttachTo: '/Game/ThirdPersonBP/Maps/ThirdPersonExampleMap.ThirdPersonExampleMap:PersistentLevel.tile_C_14830.NODE_AddChildActorComponent-2' is not static  (in blueprint "tile"), cannot attach '/Game/ThirdPersonBP/Maps/ThirdPersonExampleMap.ThirdPersonExampleMap:PersistentLevel.blocer_C_29531.Scene' which is static to it. Aborting.
[2019.02.27-20.58.50:895][  0]PIE: Warning: AttachTo: '/Game/ThirdPersonBP/Maps/ThirdPersonExampleMap.ThirdPersonExampleMap:PersistentLevel.tile_C_14831.NODE_AddChildActorComponent-2' is not static  (in blueprint "tile"), cannot attach '/Game/ThirdPersonBP/Maps/ThirdPersonExampleMap.ThirdPersonExampleMap:PersistentLevel.blocer_C_29538.Scene' which is static to it. Aborting.
[2019.02.27-20.58.50:898][  0]PIE: Warning: AttachTo: '/Game/ThirdPersonBP/Maps/ThirdPersonExampleMap.ThirdPersonExampleMap:PersistentLevel.tile_C_14833.NODE_AddChildActorComponent-2' is not static  (in blueprint "tile"), cannot attach '/Game/ThirdPersonBP/Maps/ThirdPersonExampleMap.ThirdPersonExampleMap:PersistentLevel.blocer_C_29539.Scene' which is static to it. Aborting.
[2019.02.27-20.58.50:939][  0]PIE: Warning: AttachTo: '/Game/ThirdPersonBP/Maps/ThirdPersonExampleMap.ThirdPersonExampleMap:PersistentLevel.tile_C_14849.NODE_AddChildActorComponent-2' is not static  (in blueprint "tile"), cannot attach '/Game/ThirdPersonBP/Maps/ThirdPersonExampleMap.ThirdPersonExampleMap:PersistentLevel.blocer_C_29541.Scene' which is static to it. Aborting.
[2019.02.27-20.58.50:961][  0]PIE: Warning: AttachTo: '/Game/ThirdPersonBP/Maps/ThirdPersonExampleMap.ThirdPersonExampleMap:PersistentLevel.tile_C_14854.NODE_AddChildActorComponent-2' is not static  (in blueprint "tile"), cannot attach '/Game/ThirdPersonBP/Maps/ThirdPersonExampleMap.ThirdPersonExampleMap:PersistentLevel.blocer_C_29542.Scene' which is static to it. Aborting.
[2019.02.27-20.58.50:980][  0]LogEditorServer: Finished looking for orphan Actors (0.000 secs)
[2019.02.27-20.58.51:006][  0]Cmd: MAP CHECKDEP NOCLEARLOG
[2019.02.27-20.58.51:006][  0]MapCheck: Map check complete: 0 Error(s), 0 Warning(s), took 0.129ms to complete.
[2019.02.27-20.58.51:006][  0]LogFileHelpers: Loading map 'ThirdPersonExampleMap' took 13.250
[2019.02.27-20.58.51:296][  0]LogSlate: Updating window title bar state: overlay mode, drag disabled, window buttons hidden, title bar hidden
[2019.02.27-20.58.51:310][  0]LogSlate: Updating window title bar state: overlay mode, drag disabled, window buttons hidden, title bar hidden
[2019.02.27-20.58.51:319][  0]LogSlate: Updating window title bar state: overlay mode, drag disabled, window buttons hidden, title bar hidden
[2019.02.27-20.58.51:327][  0]LogSlate: Updating window title bar state: overlay mode, drag disabled, window buttons hidden, title bar hidden
[2019.02.27-20.58.51:446][  0]LogCollectionManager: Loaded 0 collections in 0.025210 seconds
[2019.02.27-20.58.51:465][  0]LogFileCache: Scanning file cache for directory 'D:/tutorial/lastversion/UE4_RunnerGame/Saved/Collections/' took 0.01s
[2019.02.27-20.58.51:465][  0]LogFileCache: Scanning file cache for directory 'D:/tutorial/lastversion/UE4_RunnerGame/Content/Developers/Jim/Collections/' took 0.00s
[2019.02.27-20.58.51:465][  0]LogFileCache: Scanning file cache for directory 'D:/tutorial/lastversion/UE4_RunnerGame/Content/Collections/' took 0.00s
[2019.02.27-20.58.51:465][  0]LogCollectionManager: Rebuilt the GUID cache for 0 collections in 0.000000 seconds
[2019.02.27-20.58.51:479][  0]LogContentBrowser: Native class hierarchy populated in 0.0134 seconds. Added 2651 classes and 620 folders.
[2019.02.27-20.58.51:493][  0]LogContentBrowser: Native class hierarchy updated for 'WidgetCarousel' in 0.0007 seconds. Added 0 classes and 0 folders.
[2019.02.27-20.58.51:604][  0]LogPakFile: Registered encryption key '00000000000000000000000000000000': 0 pak files mounted, 0 remain pending
[2019.02.27-20.58.51:668][  0]LogPakFile: Registered encryption key '00000000000000000000000000000000': 0 pak files mounted, 0 remain pending
[2019.02.27-20.58.51:734][  0]LogPakFile: Registered encryption key '00000000000000000000000000000000': 0 pak files mounted, 0 remain pending
[2019.02.27-20.58.51:808][  0]LogPakFile: Registered encryption key '00000000000000000000000000000000': 0 pak files mounted, 0 remain pending
[2019.02.27-20.58.51:860][  0]LogPakFile: Registered encryption key '00000000000000000000000000000000': 0 pak files mounted, 0 remain pending
[2019.02.27-20.58.51:902][  0]LogPakFile: Registered encryption key '00000000000000000000000000000000': 0 pak files mounted, 0 remain pending
[2019.02.27-20.58.51:976][  0]LogPakFile: Registered encryption key '00000000000000000000000000000000': 0 pak files mounted, 0 remain pending
[2019.02.27-20.58.52:010][  0]LogPakFile: Registered encryption key '00000000000000000000000000000000': 0 pak files mounted, 0 remain pending
[2019.02.27-20.58.52:035][  0]LogPakFile: Registered encryption key '00000000000000000000000000000000': 0 pak files mounted, 0 remain pending
[2019.02.27-20.58.52:132][  0]LogPakFile: Registered encryption key '00000000000000000000000000000000': 0 pak files mounted, 0 remain pending
[2019.02.27-20.58.52:194][  0]LogPakFile: Registered encryption key '00000000000000000000000000000000': 0 pak files mounted, 0 remain pending
[2019.02.27-20.58.52:287][  0]LogPakFile: Registered encryption key '00000000000000000000000000000000': 0 pak files mounted, 0 remain pending
[2019.02.27-20.58.52:304][  0]LogPakFile: Registered encryption key '00000000000000000000000000000000': 0 pak files mounted, 0 remain pending
[2019.02.27-20.58.52:312][  0]LogPakFile: Registered encryption key '00000000000000000000000000000000': 0 pak files mounted, 0 remain pending
[2019.02.27-20.58.52:342][  0]LogPakFile: Registered encryption key '00000000000000000000000000000000': 0 pak files mounted, 0 remain pending
[2019.02.27-20.58.52:375][  0]LogPakFile: Registered encryption key '00000000000000000000000000000000': 0 pak files mounted, 0 remain pending
[2019.02.27-20.58.52:412][  0]LogPakFile: Registered encryption key '00000000000000000000000000000000': 0 pak files mounted, 0 remain pending
[2019.02.27-20.58.52:439][  0]LogPakFile: Registered encryption key '00000000000000000000000000000000': 0 pak files mounted, 0 remain pending
[2019.02.27-20.58.52:464][  0]LogPakFile: Registered encryption key '00000000000000000000000000000000': 0 pak files mounted, 0 remain pending
[2019.02.27-20.58.52:470][  0]LogPakFile: Registered encryption key '00000000000000000000000000000000': 0 pak files mounted, 0 remain pending
[2019.02.27-20.58.52:516][  0]LogPakFile: Registered encryption key '00000000000000000000000000000000': 0 pak files mounted, 0 remain pending
[2019.02.27-20.58.52:555][  0]LogPakFile: Registered encryption key '00000000000000000000000000000000': 0 pak files mounted, 0 remain pending
[2019.02.27-20.58.52:562][  0]LogPakFile: Registered encryption key '00000000000000000000000000000000': 0 pak files mounted, 0 remain pending
[2019.02.27-20.58.52:581][  0]LogPakFile: Registered encryption key '00000000000000000000000000000000': 0 pak files mounted, 0 remain pending
[2019.02.27-20.58.52:599][  0]LogPakFile: Registered encryption key '00000000000000000000000000000000': 0 pak files mounted, 0 remain pending
[2019.02.27-20.58.52:620][  0]LogPakFile: Registered encryption key '00000000000000000000000000000000': 0 pak files mounted, 0 remain pending
[2019.02.27-20.58.54:479][  0]LogContentBrowser: Native class hierarchy updated for 'AddContentDialog' in 0.0003 seconds. Added 0 classes and 0 folders.
[2019.02.27-20.58.54:521][  0]LogContentBrowser: Native class hierarchy updated for 'SceneOutliner' in 0.0003 seconds. Added 1 classes and 2 folders.
[2019.02.27-20.58.54:821][  0]LogSlate: Took 0.262435 seconds to synchronously load lazily loaded font '../../../Engine/Content/Slate/Fonts/Roboto-Regular.ttf' (155K)
[2019.02.27-20.58.54:877][  0]LogSlate: Took 0.053546 seconds to synchronously load lazily loaded font '../../../Engine/Content/Slate/Fonts/Roboto-Bold.ttf' (160K)
[2019.02.27-20.58.54:905][  0]LogSlate: Took 0.022185 seconds to synchronously load lazily loaded font '../../../Engine/Content/Editor/Slate/Fonts/FontAwesome.ttf' (139K)
[2019.02.27-20.58.55:293][  0]LogRenderer: Reallocating scene render targets to support 856x372 Format 10 NumSamples 1 (Frame:1).
[2019.02.27-20.58.55:620][  0]LogContentBrowser: Native class hierarchy updated for 'HierarchicalLODOutliner' in 0.0004 seconds. Added 0 classes and 0 folders.
[2019.02.27-20.58.55:620][  0]LogLoad: (Engine Initialization) Total time: 127.62 seconds
[2019.02.27-20.58.55:620][  0]LogLoad: (Engine Initialization) Total Blueprint compile time: 0.00 seconds
[2019.02.27-20.58.55:692][  0]LogContentStreaming: Texture pool size now 1000 MB
[2019.02.27-20.58.55:697][  0]LogSlate: FSceneViewport::OnFocusLost() reason 2
[2019.02.27-20.58.55:807][  0]LogSlate: Took 0.017762 seconds to synchronously load lazily loaded font '../../../Engine/Content/Slate/Fonts/Roboto-Light.ttf' (167K)
[2019.02.27-20.58.56:239][  3]LogAssetRegistry: Asset discovery search completed in 65.8137 seconds
[2019.02.27-20.58.56:251][  3]LogCollectionManager: Rebuilt the object cache for 0 collections in 0.000000 seconds (found 0 objects)
[2019.02.27-20.58.56:251][  3]LogCollectionManager: Fixed up redirectors for 0 collections in 0.000097 seconds (updated 0 objects)
[2019.02.27-20.59.05:779][320]LogSlate: Window 'Message Log' being destroyed
[2019.02.27-20.59.05:786][320]LogSlate: Window 'Message Log' being destroyed
[2019.02.27-20.59.06:764][379]LogSlate: FSceneViewport::OnFocusLost() reason 0
[2019.02.27-20.59.11:447][660]LogTemp: Repeating last play command: Selected Viewport
[2019.02.27-20.59.11:463][660]LogBlueprintUserMessages: Early PlayInEditor Detection: Level '/Game/ThirdPersonBP/Maps/ThirdPersonExampleMap.ThirdPersonExampleMap:PersistentLevel' has LevelScriptBlueprint '/Game/ThirdPersonBP/Maps/ThirdPersonExampleMap.ThirdPersonExampleMap:PersistentLevel.ThirdPersonExampleMap' with GeneratedClass '/Game/ThirdPersonBP/Maps/ThirdPersonExampleMap.ThirdPersonExampleMap_C' with ClassGeneratedBy '/Game/ThirdPersonBP/Maps/ThirdPersonExampleMap.ThirdPersonExampleMap:PersistentLevel.ThirdPersonExampleMap'
[2019.02.27-20.59.11:463][660]LogPlayLevel: PlayLevel: No blueprints needed recompiling
[2019.02.27-20.59.11:464][660]PIE: New page: PIE session: ThirdPersonExampleMap (Feb 28, 2019, 12:59:11 AM)
[2019.02.27-20.59.11:477][660]LogPlayLevel: Creating play world package: /Game/ThirdPersonBP/Maps/UEDPIE_0_ThirdPersonExampleMap
[2019.02.27-20.59.11:519][660]LogPlayLevel: PIE: StaticDuplicateObject took: (0.042062s)
[2019.02.27-20.59.11:520][660]LogAIModule: Creating AISystem for world ThirdPersonExampleMap
[2019.02.27-20.59.11:520][660]LogPlayLevel: PIE: World Init took: (0.000850s)
[2019.02.27-20.59.11:520][660]LogPlayLevel: PIE: Created PIE world by copying editor world from /Game/ThirdPersonBP/Maps/ThirdPersonExampleMap.ThirdPersonExampleMap to /Game/ThirdPersonBP/Maps/UEDPIE_0_ThirdPersonExampleMap.ThirdPersonExampleMap (0.043305s)
[2019.02.27-20.59.11:558][660]LogInit: XAudio2 using 'Speakers (Conexant SmartAudio HD)' : 2 channels at 48 kHz using 32 bits per sample (channel mask 0x3)
[2019.02.27-20.59.11:584][660]LogInit: FAudioDevice initialized.
[2019.02.27-20.59.11:673][660]LogLoad: Game class is 'ThirdPersonGameMode_C'
[2019.02.27-20.59.11:676][660]PIE: Warning: AttachTo: '/Game/ThirdPersonBP/Maps/UEDPIE_0_ThirdPersonExampleMap.ThirdPersonExampleMap:PersistentLevel.tile_C_14833.NODE_AddChildActorComponent-2' is not static  (in blueprint "tile"), cannot attach '/Game/ThirdPersonBP/Maps/UEDPIE_0_ThirdPersonExampleMap.ThirdPersonExampleMap:PersistentLevel.blocer_C_29539.Scene' which is static to it. Aborting.
[2019.02.27-20.59.11:678][660]PIE: Warning: AttachTo: '/Game/ThirdPersonBP/Maps/UEDPIE_0_ThirdPersonExampleMap.ThirdPersonExampleMap:PersistentLevel.tile_C_14838.NODE_AddChildActorComponent-2' is not static  (in blueprint "tile"), cannot attach '/Game/ThirdPersonBP/Maps/UEDPIE_0_ThirdPersonExampleMap.ThirdPersonExampleMap:PersistentLevel.blocer_C_29542.Scene' which is static to it. Aborting.
[2019.02.27-20.59.11:680][660]LogWorld: Bringing World /Game/ThirdPersonBP/Maps/UEDPIE_0_ThirdPersonExampleMap.ThirdPersonExampleMap up for play (max tick rate 60) at 2019.02.27-22.59.11
[2019.02.27-20.59.11:681][660]LogWorld: Bringing up level for play took: 0.007193
[2019.02.27-20.59.11:799][660]LogContentBrowser: Native class hierarchy updated for 'MovieSceneCapture' in 0.0004 seconds. Added 20 classes and 0 folders.
[2019.02.27-20.59.11:838][660]PIE: Play in editor start time for /Game/ThirdPersonBP/Maps/UEDPIE_0_ThirdPersonExampleMap 0.414
[2019.02.27-20.59.11:838][660]LogBlueprintUserMessages: Late PlayInEditor Detection: Level '/Game/ThirdPersonBP/Maps/ThirdPersonExampleMap.ThirdPersonExampleMap:PersistentLevel' has LevelScriptBlueprint '/Game/ThirdPersonBP/Maps/ThirdPersonExampleMap.ThirdPersonExampleMap:PersistentLevel.ThirdPersonExampleMap' with GeneratedClass '/Game/ThirdPersonBP/Maps/ThirdPersonExampleMap.ThirdPersonExampleMap_C' with ClassGeneratedBy '/Game/ThirdPersonBP/Maps/ThirdPersonExampleMap.ThirdPersonExampleMap:PersistentLevel.ThirdPersonExampleMap'
[2019.02.27-20.59.13:172][734]PIE: Warning: AttachTo: '/Game/ThirdPersonBP/Maps/UEDPIE_0_ThirdPersonExampleMap.ThirdPersonExampleMap:PersistentLevel.tile_C_11.NODE_AddChildActorComponent-2' is not static  (in blueprint "tile"), cannot attach '/Game/ThirdPersonBP/Maps/UEDPIE_0_ThirdPersonExampleMap.ThirdPersonExampleMap:PersistentLevel.blocer_C_0.Scene' which is static to it. Aborting.
[2019.02.27-20.59.14:437][810]PIE: Warning: AttachTo: '/Game/ThirdPersonBP/Maps/UEDPIE_0_ThirdPersonExampleMap.ThirdPersonExampleMap:PersistentLevel.tile_C_13.NODE_AddChildActorComponent-2' is not static  (in blueprint "tile"), cannot attach '/Game/ThirdPersonBP/Maps/UEDPIE_0_ThirdPersonExampleMap.ThirdPersonExampleMap:PersistentLevel.blocer_C_1.Scene' which is static to it. Aborting.
[2019.02.27-20.59.23:843][374]PIE: Warning: AttachTo: '/Game/ThirdPersonBP/Maps/UEDPIE_0_ThirdPersonExampleMap.ThirdPersonExampleMap:PersistentLevel.tile_C_25.NODE_AddChildActorComponent-2' is not static  (in blueprint "tile"), cannot attach '/Game/ThirdPersonBP/Maps/UEDPIE_0_ThirdPersonExampleMap.ThirdPersonExampleMap:PersistentLevel.blocer_C_29544.Scene' which is static to it. Aborting.
[2019.02.27-20.59.25:811][492]PIE: Warning: AttachTo: '/Game/ThirdPersonBP/Maps/UEDPIE_0_ThirdPersonExampleMap.ThirdPersonExampleMap:PersistentLevel.tile_C_28.NODE_AddChildActorComponent-2' is not static  (in blueprint "tile"), cannot attach '/Game/ThirdPersonBP/Maps/UEDPIE_0_ThirdPersonExampleMap.ThirdPersonExampleMap:PersistentLevel.blocer_C_29545.Scene' which is static to it. Aborting.
[2019.02.27-20.59.33:513][954]PIE: Warning: AttachTo: '/Game/ThirdPersonBP/Maps/UEDPIE_0_ThirdPersonExampleMap.ThirdPersonExampleMap:PersistentLevel.tile_C_34.NODE_AddChildActorComponent-2' is not static  (in blueprint "tile"), cannot attach '/Game/ThirdPersonBP/Maps/UEDPIE_0_ThirdPersonExampleMap.ThirdPersonExampleMap:PersistentLevel.blocer_C_29547.Scene' which is static to it. Aborting.
[2019.02.27-20.59.34:797][ 31]PIE: Warning: AttachTo: '/Game/ThirdPersonBP/Maps/UEDPIE_0_ThirdPersonExampleMap.ThirdPersonExampleMap:PersistentLevel.tile_C_36.NODE_AddChildActorComponent-2' is not static  (in blueprint "tile"), cannot attach '/Game/ThirdPersonBP/Maps/UEDPIE_0_ThirdPersonExampleMap.ThirdPersonExampleMap:PersistentLevel.blocer_C_29549.Scene' which is static to it. Aborting.
[2019.02.27-20.59.39:347][304]PIE: Warning: AttachTo: '/Game/ThirdPersonBP/Maps/UEDPIE_0_ThirdPersonExampleMap.ThirdPersonExampleMap:PersistentLevel.tile_C_42.NODE_AddChildActorComponent-2' is not static  (in blueprint "tile"), cannot attach '/Game/ThirdPersonBP/Maps/UEDPIE_0_ThirdPersonExampleMap.ThirdPersonExampleMap:PersistentLevel.blocer_C_29550.Scene' which is static to it. Aborting.
[2019.02.27-20.59.39:998][343]PIE: Warning: AttachTo: '/Game/ThirdPersonBP/Maps/UEDPIE_0_ThirdPersonExampleMap.ThirdPersonExampleMap:PersistentLevel.tile_C_43.NODE_AddChildActorComponent-2' is not static  (in blueprint "tile"), cannot attach '/Game/ThirdPersonBP/Maps/UEDPIE_0_ThirdPersonExampleMap.ThirdPersonExampleMap:PersistentLevel.blocer_C_29551.Scene' which is static to it. Aborting.
[2019.02.27-20.59.47:562][797]Cmd: RestartLevel
[2019.02.27-20.59.47:578][798]LogNet: Browse: /Game/ThirdPersonBP/Maps/ThirdPersonExampleMap?restart
[2019.02.27-20.59.47:578][798]LogLoad: LoadMap: /Game/ThirdPersonBP/Maps/ThirdPersonExampleMap
[2019.02.27-20.59.47:622][798]LogPlayLevel: Creating play world package: /Game/ThirdPersonBP/Maps/UEDPIE_0_ThirdPersonExampleMap
[2019.02.27-20.59.47:654][798]LogPlayLevel: PIE: StaticDuplicateObject took: (0.032742s)
[2019.02.27-20.59.47:655][798]LogAIModule: Creating AISystem for world ThirdPersonExampleMap
[2019.02.27-20.59.47:655][798]LogPlayLevel: PIE: World Init took: (0.000829s)
[2019.02.27-20.59.47:655][798]LogPlayLevel: PIE: Created PIE world by copying editor world from /Game/ThirdPersonBP/Maps/ThirdPersonExampleMap.ThirdPersonExampleMap to /Game/ThirdPersonBP/Maps/UEDPIE_0_ThirdPersonExampleMap.ThirdPersonExampleMap (0.033863s)
[2019.02.27-20.59.47:655][798]LogLoad: Game class is 'ThirdPersonGameMode_C'
[2019.02.27-20.59.47:685][798]PIE: Warning: AttachTo: '/Game/ThirdPersonBP/Maps/UEDPIE_0_ThirdPersonExampleMap.ThirdPersonExampleMap:PersistentLevel.tile_C_14833.NODE_AddChildActorComponent-2' is not static  (in blueprint "tile"), cannot attach '/Game/ThirdPersonBP/Maps/UEDPIE_0_ThirdPersonExampleMap.ThirdPersonExampleMap:PersistentLevel.blocer_C_29539.Scene' which is static to it. Aborting.
[2019.02.27-20.59.47:687][798]PIE: Warning: AttachTo: '/Game/ThirdPersonBP/Maps/UEDPIE_0_ThirdPersonExampleMap.ThirdPersonExampleMap:PersistentLevel.tile_C_14838.NODE_AddChildActorComponent-2' is not static  (in blueprint "tile"), cannot attach '/Game/ThirdPersonBP/Maps/UEDPIE_0_ThirdPersonExampleMap.ThirdPersonExampleMap:PersistentLevel.blocer_C_29542.Scene' which is static to it. Aborting.
[2019.02.27-20.59.47:689][798]LogWorld: Bringing World /Game/ThirdPersonBP/Maps/UEDPIE_0_ThirdPersonExampleMap.ThirdPersonExampleMap up for play (max tick rate 60) at 2019.02.27-22.59.47
[2019.02.27-20.59.47:690][798]LogWorld: Bringing up level for play took: 0.033989
[2019.02.27-20.59.47:693][798]PIE: Warning: AttachTo: '/Game/ThirdPersonBP/Maps/UEDPIE_0_ThirdPersonExampleMap.ThirdPersonExampleMap:PersistentLevel.tile_C_0.NODE_AddChildActorComponent-2' is not static  (in blueprint "tile"), cannot attach '/Game/ThirdPersonBP/Maps/UEDPIE_0_ThirdPersonExampleMap.ThirdPersonExampleMap:PersistentLevel.blocer_C_0.Scene' which is static to it. Aborting.
[2019.02.27-20.59.47:705][798]PIE: Warning: AttachTo: '/Game/ThirdPersonBP/Maps/UEDPIE_0_ThirdPersonExampleMap.ThirdPersonExampleMap:PersistentLevel.tile_C_3.NODE_AddChildActorComponent-2' is not static  (in blueprint "tile"), cannot attach '/Game/ThirdPersonBP/Maps/UEDPIE_0_ThirdPersonExampleMap.ThirdPersonExampleMap:PersistentLevel.blocer_C_1.Scene' which is static to it. Aborting.
[2019.02.27-20.59.47:722][798]LogLoad: Took 0.144212 seconds to LoadMap(/Game/ThirdPersonBP/Maps/UEDPIE_0_ThirdPersonExampleMap)
[2019.02.27-20.59.50:956][990]LogBlueprintUserMessages: Early EndPlayMap Detection: Level '/Game/ThirdPersonBP/Maps/ThirdPersonExampleMap.ThirdPersonExampleMap:PersistentLevel' has LevelScriptBlueprint '/Game/ThirdPersonBP/Maps/ThirdPersonExampleMap.ThirdPersonExampleMap:PersistentLevel.ThirdPersonExampleMap' with GeneratedClass '/Game/ThirdPersonBP/Maps/ThirdPersonExampleMap.ThirdPersonExampleMap_C' with ClassGeneratedBy '/Game/ThirdPersonBP/Maps/ThirdPersonExampleMap.ThirdPersonExampleMap:PersistentLevel.ThirdPersonExampleMap'
[2019.02.27-20.59.50:956][990]LogSlate: Updating window title bar state: overlay mode, drag disabled, window buttons hidden, title bar hidden
[2019.02.27-20.59.51:007][990]LogPlayLevel: Display: Shutting down PIE online subsystems
[2019.02.27-20.59.51:008][990]LogBlueprintUserMessages: Late EndPlayMap Detection: Level '/Game/ThirdPersonBP/Maps/ThirdPersonExampleMap.ThirdPersonExampleMap:PersistentLevel' has LevelScriptBlueprint '/Game/ThirdPersonBP/Maps/ThirdPersonExampleMap.ThirdPersonExampleMap:PersistentLevel.ThirdPersonExampleMap' with GeneratedClass '/Game/ThirdPersonBP/Maps/ThirdPersonExampleMap.ThirdPersonExampleMap_C' with ClassGeneratedBy '/Game/ThirdPersonBP/Maps/ThirdPersonExampleMap.ThirdPersonExampleMap:PersistentLevel.ThirdPersonExampleMap'
[2019.02.27-20.59.51:033][990]LogSlate: Updating window title bar state: overlay mode, drag disabled, window buttons hidden, title bar hidden
[2019.02.27-20.59.51:046][990]LogSlate: FSceneViewport::OnFocusLost() reason 2
[2019.02.27-20.59.51:104][991]LogPlayLevel: Display: Destroying online subsystem :Context_2
[2019.02.27-21.02.33:166][707]LogSlate: Window 'Message Log' being destroyed
[2019.02.27-21.02.33:176][707]LogSlate: Window 'Message Log' being destroyed
[2019.02.27-21.02.35:980][874]LogSlate: FSceneViewport::OnFocusLost() reason 0
[2019.02.27-21.02.36:123][881]PIE: Warning: AttachTo: '/Engine/Transient.World_2:PersistentLevel.newbusstoptile_C_0.NODE_AddChildActorComponent-2' is not static  (in blueprint "newbusstoptile"), cannot attach '/Engine/Transient.World_2:PersistentLevel.blocer_C_0.Scene' which is static to it. Aborting.
[2019.02.27-21.02.37:694][950]LogSlate: Took 0.000258 seconds to synchronously load lazily loaded font '../../../Engine/Content/Slate/Fonts/Roboto-Light.ttf' (167K)
[2019.02.27-21.02.37:706][950]LogAssetEditorManager: Opening Asset editor for Blueprint /Game/ThirdPersonBP/Blueprints/tiles/tile.tile
[2019.02.27-21.02.41:057][950]LogContentBrowser: Native class hierarchy updated for 'BlueprintGraph' in 0.0007 seconds. Added 117 classes and 0 folders.
[2019.02.27-21.02.42:328][950]LogSlate: Took 0.014086 seconds to synchronously load lazily loaded font '../../../Engine/Content/Slate/Fonts/Roboto-BoldCondensed.ttf' (158K)
[2019.02.27-21.02.42:610][951]LogSlate: Took 0.015205 seconds to synchronously load lazily loaded font '../../../Engine/Content/Slate/Fonts/Roboto-Italic.ttf' (157K)
[2019.02.27-21.02.56:632][590]LogSlate: Window 'tile' being destroyed
[2019.02.27-21.02.56:641][590]LogSlate: Window 'tile' being destroyed
[2019.02.27-21.03.47:059][932]LogAssetEditorManager: Opening Asset editor for Blueprint /Game/ThirdPersonBP/Blueprints/blocer.blocer
[2019.02.27-21.03.52:942][240]Cmd: OBJ SAVEPACKAGE PACKAGE="/Game/ThirdPersonBP/Blueprints/blocer" FILE="../../../../../tutorial/lastversion/UE4_RunnerGame/Content/ThirdPersonBP/Blueprints/blocer.uasset" SILENT=true
[2019.02.27-21.03.53:653][240]LogSavePackage: Moving '../../../../../tutorial/lastversion/UE4_RunnerGame/Saved/blocer14DE116D47ED4AC3F533A88A528BE71F.tmp' to '../../../../../tutorial/lastversion/UE4_RunnerGame/Content/ThirdPersonBP/Blueprints/blocer.uasset'
[2019.02.27-21.03.55:665][359]LogSlate: Window 'blocer' being destroyed
[2019.02.27-21.03.55:673][359]LogSlate: Window 'blocer' being destroyed
[2019.02.27-21.08.29:966][723]LogSlate: FSceneViewport::OnFocusLost() reason 0
[2019.02.27-21.08.50:247][135]LogTexture: Display: Building textures: Tiles05_COL_VAR2_3K (AutoDXT, 3072X3072)
[2019.02.27-21.08.52:345][135]LogD3D11RHI: Error: Direct3DDevice->CreateTexture2D(TextureDesc,SubResourceData,OutTexture2D) failed 
 at D:\Build\++UE4\Sync\Engine\Source\Runtime\Windows\D3D11RHI\Private\D3D11Texture.cpp:479 
 with error E_OUTOFMEMORY, 
 Size=3072x3072x1 Format=(0x00000046), NumMips=1, Flags=D3D11_BIND_SHADER_RESOURCE , Usage:0x0, CPUFlags:0x0, MiscFlags:0x0, SampleCount:0x1, SampleQuality:0x0, SubresPtr:0x0000000000000000, SubresPitch:0, SubresSlicePitch:0
[2019.02.27-21.08.58:127][135]LogConsoleResponse:     30 = 32768 KB (2D 4096x4096 PF_ShadowDepth) PreShadowCacheDepthZ
[2019.02.27-21.08.58:127][135]LogConsoleResponse:     66 = 32768 KB (2D 4096x4096 PF_ShadowDepth) PreShadowCacheDepthZ unused(30144)
[2019.02.27-21.08.58:127][135]LogConsoleResponse:     82 = 24576 KB (2D 6144x2048 PF_ShadowDepth) WholeSceneShadowmap unused(1)
[2019.02.27-21.08.58:127][135]LogConsoleResponse:     84 = 24576 KB (2D 6144x2048 PF_ShadowDepth) WholeSceneShadowmap unused(1)
[2019.02.27-21.08.58:127][135]LogConsoleResponse:     83 = 24576 KB (2D 6144x2048 PF_ShadowDepth) WholeSceneShadowmap unused(1)
[2019.02.27-21.08.58:127][135]LogConsoleResponse:     59 = 8192 KB (2D 2048x2048 PF_ShadowDepth) ShadowDepthAtlas unused(1)
[2019.02.27-21.08.58:127][135]LogConsoleResponse:     81 = 8192 KB (3D 256x128x32 PF_FloatRGBA RT) AtmosphereDeltaJ
[2019.02.27-21.08.58:127][135]LogConsoleResponse:     80 = 8192 KB (3D 256x128x32 PF_FloatRGBA RT) AtmosphereDeltaSM
[2019.02.27-21.08.58:127][135]LogConsoleResponse:     79 = 8192 KB (3D 256x128x32 PF_FloatRGBA RT) AtmosphereDeltaSR
[2019.02.27-21.08.58:127][135]LogConsoleResponse:     78 = 8192 KB (3D 256x128x32 PF_FloatRGBA RT) AtmosphereInscatter
[2019.02.27-21.08.58:127][135]LogConsoleResponse:     49 = 2488 KB (2D 856x372 PF_B8G8R8A8 RT 4xMSAA) EditorPrimitivesColor unused(1)
[2019.02.27-21.08.58:127][135]LogConsoleResponse:     68 = 2488 KB (2D 856x372 PF_DepthStencil 4xMSAA) EditorPrimitivesDepth unused(1)
[2019.02.27-21.08.58:128][135]LogConsoleResponse:     37 = 2488 KB (2D 856x372 PF_FloatRGBA RT UAV VRam) SceneColor VRamInKB(Start/Size):<NONE>
[2019.02.27-21.08.58:128][135]LogConsoleResponse:     28 = 2488 KB (2D 856x372 PF_FloatRGBA RT UAV) LightAccumulation
[2019.02.27-21.08.58:128][135]LogConsoleResponse:     45 = 2488 KB (2D 856x372 PF_FloatRGBA RT) ScreenSpaceReflections unused(1)
[2019.02.27-21.08.58:128][135]LogConsoleResponse:     46 = 2488 KB (2D 856x372 PF_FloatRGBA RT) SSRTemporalAA
[2019.02.27-21.08.58:128][135]LogConsoleResponse:     62 = 2488 KB (2D 856x372 PF_FloatRGBA RT) SSRTemporalAA unused(1)
[2019.02.27-21.08.58:128][135]LogConsoleResponse:     69 = 2488 KB (2D 856x372 PF_FloatRGBA RT) SSRTemporalAA unused(30145)
[2019.02.27-21.08.58:128][135]LogConsoleResponse:     22 = 2048 KB (3D 64x64x64 PF_FloatRGBA RT UAV) TranslucentVolume0
[2019.02.27-21.08.58:128][135]LogConsoleResponse:     24 = 2048 KB (3D 64x64x64 PF_FloatRGBA RT UAV) TranslucentVolume1
[2019.02.27-21.08.58:128][135]LogConsoleResponse:     26 = 2048 KB (3D 64x64x64 PF_FloatRGBA RT UAV) TranslucentVolume2
[2019.02.27-21.08.58:128][135]LogConsoleResponse:     23 = 2048 KB (3D 64x64x64 PF_FloatRGBA RT UAV) TranslucentVolumeDir0
[2019.02.27-21.08.58:128][135]LogConsoleResponse:     25 = 2048 KB (3D 64x64x64 PF_FloatRGBA RT UAV) TranslucentVolumeDir1
[2019.02.27-21.08.58:128][135]LogConsoleResponse:     27 = 2048 KB (3D 64x64x64 PF_FloatRGBA RT UAV) TranslucentVolumeDir2
[2019.02.27-21.08.58:128][135]LogConsoleResponse:     70 = 2048 KB (Cube[2] 128 PF_FloatRGBA) ReflectionEnvs
[2019.02.27-21.08.58:128][135]LogConsoleResponse:     58 = 1244 KB (2D 856x372 PF_A2B10G10R10 RT) GBufferA unused(1)
[2019.02.27-21.08.58:128][135]LogConsoleResponse:     56 = 1244 KB (2D 856x372 PF_B8G8R8A8 RT sRGB) GBufferC unused(1)
[2019.02.27-21.08.58:128][135]LogConsoleResponse:     57 = 1244 KB (2D 856x372 PF_B8G8R8A8 RT VRam) GBufferE unused(1) VRamInKB(Start/Size):<NONE>
[2019.02.27-21.08.58:128][135]LogConsoleResponse:     53 = 1244 KB (2D 856x372 PF_B8G8R8A8 RT VRam) LightAttenuation unused(1) VRamInKB(Start/Size):<NONE>
[2019.02.27-21.08.58:128][135]LogConsoleResponse:     74 = 1244 KB (2D 856x372 PF_B8G8R8A8 RT) HitProxy unused(523)
[2019.02.27-21.08.58:128][135]LogConsoleResponse:     55 = 1244 KB (2D 856x372 PF_B8G8R8A8 RT) SelectionComposited unused(1)
[2019.02.27-21.08.58:128][135]LogConsoleResponse:     54 = 1244 KB (2D 856x372 PF_B8G8R8A8 RT) Tonemap unused(1)
[2019.02.27-21.08.58:128][135]LogConsoleResponse:     19 = 1244 KB (2D 856x372 PF_DepthStencil VRam) SceneDepthZ VRamInKB(Start/Size):<NONE>
[2019.02.27-21.08.58:128][135]LogConsoleResponse:     47 = 1244 KB (2D 856x372 PF_G16R16 RT) Velocity unused(1)
[2019.02.27-21.08.58:128][135]LogConsoleResponse:     72 = 1024 KB (Cube 128 PF_FloatRGBA RT) ReflectionColorScratchCubemap0
[2019.02.27-21.08.58:128][135]LogConsoleResponse:     73 = 1024 KB (Cube 128 PF_FloatRGBA RT) ReflectionColorScratchCubemap1
[2019.02.27-21.08.58:128][135]LogConsoleResponse:     20 = 622 KB (2D 428x186 PF_DepthStencil) SmallDepthZ
[2019.02.27-21.08.58:129][135]LogConsoleResponse:     29 = 622 KB (2D 856x186 PF_R32_UINT RT UAV) QuadOverdrawBuffer
[2019.02.27-21.08.58:129][135]LogConsoleResponse:     48 = 342 KB (2D 512x256 PF_R16F RT VRam) HZB unused(1) VRamInKB(Start/Size):<NONE>
[2019.02.27-21.08.58:129][135]LogConsoleResponse:     44 = 311 KB (2D 428x186 PF_FloatRGB RT VRam) BloomBlurX unused(1) VRamInKB(Start/Size):<NONE>
[2019.02.27-21.08.58:129][135]LogConsoleResponse:     31 = 311 KB (2D 428x186 PF_FloatRGB RT) BloomBlurY unused(1)
[2019.02.27-21.08.58:129][135]LogConsoleResponse:     21 = 311 KB (2D 856x372 PF_G8 RT UAV) ScreenSpaceAO
[2019.02.27-21.08.58:129][135]LogConsoleResponse:      2 = 256 KB (2D 256x256 PF_B8G8R8A8) HZBResultsCPU
[2019.02.27-21.08.58:129][135]LogConsoleResponse:      4 = 256 KB (2D 256x256 PF_B8G8R8A8) HZBResultsCPU
[2019.02.27-21.08.58:129][135]LogConsoleResponse:      3 = 256 KB (2D 256x256 PF_B8G8R8A8) HZBResultsCPU
[2019.02.27-21.08.58:129][135]LogConsoleResponse:      1 = 256 KB (2D 256x256 PF_B8G8R8A8) HZBResultsCPU
[2019.02.27-21.08.58:129][135]LogConsoleResponse:     75 = 128 KB (2D 256x64 PF_FloatRGBA RT) AtmosphereTransmittance
[2019.02.27-21.08.58:129][135]LogConsoleResponse:     71 = 128 KB (3D 32x32x32 PF_A2B10G10R10 RT VRam) CombineLUTs unused(1) VRamInKB(Start/Size):<NONE>
[2019.02.27-21.08.58:129][135]LogConsoleResponse:     64 = 128 KB (3D 32x32x32 PF_A2B10G10R10 RT) CombineLUTs
[2019.02.27-21.08.58:129][135]LogConsoleResponse:     43 = 78 KB (2D 214x93 PF_FloatRGB RT VRam) BloomBlurX unused(1) VRamInKB(Start/Size):<NONE>
[2019.02.27-21.08.58:129][135]LogConsoleResponse:     32 = 78 KB (2D 214x93 PF_FloatRGB RT) BloomBlurY unused(1)
[2019.02.27-21.08.58:129][135]LogConsoleResponse:     10 = 64 KB (2D 128x128 PF_B8G8R8A8) PerlinNoiseGradient
[2019.02.27-21.08.58:129][135]LogConsoleResponse:     60 = 64 KB (Cube 32 PF_FloatRGBA RT) DiffuseIrradianceScratchCubemap0
[2019.02.27-21.08.58:129][135]LogConsoleResponse:     67 = 64 KB (Cube 32 PF_FloatRGBA RT) DiffuseIrradianceScratchCubemap1
[2019.02.27-21.08.58:129][135]LogConsoleResponse:     38 = 32 KB (2D 64x64 PF_A16B16G16R16) SSProfiles
[2019.02.27-21.08.58:129][135]LogConsoleResponse:     17 = 32 KB (2D 64x64 PF_FloatRGBA VRam) LTCMat VRamInKB(Start/Size):<NONE>
[2019.02.27-21.08.58:129][135]LogConsoleResponse:     42 = 20 KB (2D 107x47 PF_FloatRGB RT VRam) BloomBlurX unused(1) VRamInKB(Start/Size):<NONE>
[2019.02.27-21.08.58:129][135]LogConsoleResponse:     33 = 20 KB (2D 107x47 PF_FloatRGB RT) BloomBlurY unused(1)
[2019.02.27-21.08.58:129][135]LogConsoleResponse:     16 = 16 KB (2D 128x32 PF_G16R16) PreintegratedGF
[2019.02.27-21.08.58:129][135]LogConsoleResponse:     18 = 16 KB (2D 64x64 PF_G16R16F VRam) LTCAmp VRamInKB(Start/Size):<NONE>
[2019.02.27-21.08.58:129][135]LogConsoleResponse:     14 = 16 KB (3D 16x16x16 PF_B8G8R8A8) PerlinNoise3D
[2019.02.27-21.08.58:129][135]LogConsoleResponse:     77 = 8 KB (2D 64x16 PF_FloatRGBA RT) AtmosphereDeltaE
[2019.02.27-21.08.58:129][135]LogConsoleResponse:     76 = 8 KB (2D 64x16 PF_FloatRGBA RT) AtmosphereIrradiance
[2019.02.27-21.08.58:129][135]LogConsoleResponse:     15 = 8 KB (2D 64x64 PF_R8G8) SSAORandomization
[2019.02.27-21.08.58:129][135]LogConsoleResponse:     41 = 6 KB (2D 54x24 PF_FloatRGB RT VRam) BloomBlurX unused(1) VRamInKB(Start/Size):<NONE>
[2019.02.27-21.08.58:129][135]LogConsoleResponse:     34 = 6 KB (2D 54x24 PF_FloatRGB RT) BloomBlurY unused(1)
[2019.02.27-21.08.58:129][135]LogConsoleResponse:     40 = 2 KB (2D 27x12 PF_FloatRGB RT VRam) BloomBlurX unused(1) VRamInKB(Start/Size):<NONE>
[2019.02.27-21.08.58:129][135]LogConsoleResponse:     35 = 2 KB (2D 27x12 PF_FloatRGB RT) BloomBlurY unused(1)
[2019.02.27-21.08.58:129][135]LogConsoleResponse:     39 = 1 KB (2D 14x6 PF_FloatRGB RT VRam) BloomBlurX unused(1) VRamInKB(Start/Size):<NONE>
[2019.02.27-21.08.58:129][135]LogConsoleResponse:     36 = 1 KB (2D 14x6 PF_FloatRGB RT) BloomBlurY unused(1)
[2019.02.27-21.08.58:129][135]LogConsoleResponse:      7 = 1 KB (2D 1x1 PF_B8G8R8A8 RT) BlackAlphaOneDummy
[2019.02.27-21.08.58:129][135]LogConsoleResponse:      6 = 1 KB (2D 1x1 PF_B8G8R8A8 RT) BlackDummy
[2019.02.27-21.08.58:129][135]LogConsoleResponse:      9 = 1 KB (2D 1x1 PF_B8G8R8A8 RT) DefaultNormal8Bit
[2019.02.27-21.08.58:129][135]LogConsoleResponse:      8 = 1 KB (2D 1x1 PF_B8G8R8A8 RT) GreenDummy
[2019.02.27-21.08.58:129][135]LogConsoleResponse:      5 = 1 KB (2D 1x1 PF_B8G8R8A8 RT) WhiteDummy
[2019.02.27-21.08.58:129][135]LogConsoleResponse:     12 = 1 KB (2D 1x1 PF_DepthStencil) DepthDummy
[2019.02.27-21.08.58:130][135]LogConsoleResponse:     11 = 1 KB (2D 1x1 PF_FloatRGBA RT) MaxFP16Depth
[2019.02.27-21.08.58:130][135]LogConsoleResponse:     50 = 1 KB (2D 1x1 PF_FloatRGBA RT) ReflectionBrightness unused(17203)
[2019.02.27-21.08.58:130][135]LogConsoleResponse:     52 = 1 KB (2D 1x1 PF_G32R32F RT UAV) EyeAdaptation
[2019.02.27-21.08.58:130][135]LogConsoleResponse:     51 = 1 KB (2D 1x1 PF_G32R32F RT UAV) EyeAdaptation
[2019.02.27-21.08.58:130][135]LogConsoleResponse:     65 = 1 KB (2D 1x1 PF_G32R32F RT UAV) EyeAdaptation unused(30144)
[2019.02.27-21.08.58:130][135]LogConsoleResponse:     63 = 1 KB (2D 1x1 PF_G32R32F RT UAV) EyeAdaptation unused(30144)
[2019.02.27-21.08.58:130][135]LogConsoleResponse:     13 = 1 KB (2D 32x16 PF_R16_UINT) SobolSampling
[2019.02.27-21.08.58:130][135]LogConsoleResponse:     61 = 1 KB (2D 9x1 PF_FloatRGBA RT) SkySHIrradianceMap
[2019.02.27-21.08.58:130][135]LogConsoleResponse: 
[2019.02.27-21.08.58:130][135]LogConsoleResponse: Pool: 92/227 MB (referenced/allocated)
[2019.02.27-21.08.58:130][135]Cmd: rhi.DumpMemory
[2019.02.27-21.08.58:141][135]RHI resource memory (not tracked by our allocator)
[2019.02.27-21.08.58:141][135]         2228160  -  Render target memory Cube - STAT_RenderTargetMemoryCube - STATGROUP_RHI - STATCAT_Advanced
[2019.02.27-21.08.58:141][135]        46399488  -  Render target memory 3D - STAT_RenderTargetMemory3D - STATGROUP_RHI - STATCAT_Advanced
[2019.02.27-21.08.58:141][135]         3147888  -  Uniform buffer memory - STAT_UniformBufferMemory - STATGROUP_RHI - STATCAT_Advanced
[2019.02.27-21.08.58:141][135]         8442265  -  Texture memory 3D - STAT_TextureMemory3D - STATGROUP_RHI - STATCAT_Advanced
[2019.02.27-21.08.58:141][135]       161167617  -  Texture memory 2D - STAT_TextureMemory2D - STATGROUP_RHI - STATCAT_Advanced
[2019.02.27-21.08.58:141][135]        30474180  -  Texture memory Cube - STAT_TextureMemoryCube - STATGROUP_RHI - STATCAT_Advanced
[2019.02.27-21.08.58:141][135]       843474648  -  Render target memory 2D - STAT_RenderTargetMemory2D - STATGROUP_RHI - STATCAT_Advanced
[2019.02.27-21.08.58:141][135]       195971332  -  Vertex buffer memory - STAT_VertexBufferMemory - STATGROUP_RHI - STATCAT_Advanced
[2019.02.27-21.08.58:141][135]        16179146  -  Index buffer memory - STAT_IndexBufferMemory - STATGROUP_RHI - STATCAT_Advanced
[2019.02.27-21.08.58:142][135]1246.915MB total
[2019.02.27-21.08.58:142][135]LogWindows: FPlatformMisc::RequestExit(1)
[2019.02.27-21.08.58:143][135]Log file closed, 02/27/19 23:08:58
